Start testing: Oct 15 09:57 UTC
----------------------------------------------------------
1/1 Testing: BpTree.Scan
1/1 Test: BpTree.Scan
Command: "/home/kwanwoo/Desktop/database/Project2/db_project/build/bin/db_test" "--gtest_filter=BpTree.Scan" "--gtest_also_run_disabled_tests"
Directory: /home/kwanwoo/Desktop/database/Project2/db_project/build/test
"BpTree.Scan" start time: Oct 15 09:57 UTC
Output:
----------------------------------------------------------
Running main() from /home/kwanwoo/Desktop/database/Project2/db_project/build/_deps/googletest-src/googletest/src/gtest_main.cc
Note: Google Test filter = BpTree.Scan
[==========] Running 1 test from 1 test suite.
[----------] Global test environment set-up.
[----------] 1 test from BpTree
[ RUN      ] BpTree.Scan
test code  keys.size(): 4377
keys
keys.size(): 4377
values.size(): 4377
val_sizes.size(): 4377
5624 5625 5626 5627 5628 5629 5630 5631 5632 5633 5634 5635 5636 5637 5638 5639 5640 5641 5642 5643 5644 5645 5646 5647 5648 5649 5650 5651 5652 5653 5654 5655 5656 5657 5658 5659 5660 5661 5662 5663 5664 5665 5666 5667 5668 5669 5670 5671 5672 5673 5674 5675 5676 5677 5678 5679 5680 5681 5682 5683 5684 5685 5686 5687 5688 5689 5690 5691 5692 5693 5694 5695 5696 5697 5698 5699 5700 5701 5702 5703 5704 5705 5706 5707 5708 5709 5710 5711 5712 5713 5714 5715 5716 5717 5718 5719 5720 5721 5722 5723 5724 5725 5726 5727 5728 5729 5730 5731 5732 5733 5734 5735 5736 5737 5738 5739 5740 5741 5742 5743 5744 5745 5746 5747 5748 5749 5750 5751 5752 5753 5754 5755 5756 5757 5758 5759 5760 5761 5762 5763 5764 5765 5766 5767 5768 5769 5770 5771 5772 5773 5774 5775 5776 5777 5778 5779 5780 5781 5782 5783 5784 5785 5786 5787 5788 5789 5790 5791 5792 5793 5794 5795 5796 5797 5798 5799 5800 5801 5802 5803 5804 5805 5806 5807 5808 5809 5810 5811 5812 5813 5814 5815 5816 5817 5818 5819 5820 5821 5822 5823 5824 5825 5826 5827 5828 5829 5830 5831 5832 5833 5834 5835 5836 5837 5838 5839 5840 5841 5842 5843 5844 5845 5846 5847 5848 5849 5850 5851 5852 5853 5854 5855 5856 5857 5858 5859 5860 5861 5862 5863 5864 5865 5866 5867 5868 5869 5870 5871 5872 5873 5874 5875 5876 5877 5878 5879 5880 5881 5882 5883 5884 5885 5886 5887 5888 5889 5890 5891 5892 5893 5894 5895 5896 5897 5898 5899 5900 5901 5902 5903 5904 5905 5906 5907 5908 5909 5910 5911 5912 5913 5914 5915 5916 5917 5918 5919 5920 5921 5922 5923 5924 5925 5926 5927 5928 5929 5930 5931 5932 5933 5934 5935 5936 5937 5938 5939 5940 5941 5942 5943 5944 5945 5946 5947 5948 5949 5950 5951 5952 5953 5954 5955 5956 5957 5958 5959 5960 5961 5962 5963 5964 5965 5966 5967 5968 5969 5970 5971 5972 5973 5974 5975 5976 5977 5978 5979 5980 5981 5982 5983 5984 5985 5986 5987 5988 5989 5990 5991 5992 5993 5994 5995 5996 5997 5998 5999 6000 6001 6002 6003 6004 6005 6006 6007 6008 6009 6010 6011 6012 6013 6014 6015 6016 6017 6018 6019 6020 6021 6022 6023 6024 6025 6026 6027 6028 6029 6030 6031 6032 6033 6034 6035 6036 6037 6038 6039 6040 6041 6042 6043 6044 6045 6046 6047 6048 6049 6050 6051 6052 6053 6054 6055 6056 6057 6058 6059 6060 6061 6062 6063 6064 6065 6066 6067 6068 6069 6070 6071 6072 6073 6074 6075 6076 6077 6078 6079 6080 6081 6082 6083 6084 6085 6086 6087 6088 6089 6090 6091 6092 6093 6094 6095 6096 6097 6098 6099 6100 6101 6102 6103 6104 6105 6106 6107 6108 6109 6110 6111 6112 6113 6114 6115 6116 6117 6118 6119 6120 6121 6122 6123 6124 6125 6126 6127 6128 6129 6130 6131 6132 6133 6134 6135 6136 6137 6138 6139 6140 6141 6142 6143 6144 6145 6146 6147 6148 6149 6150 6151 6152 6153 6154 6155 6156 6157 6158 6159 6160 6161 6162 6163 6164 6165 6166 6167 6168 6169 6170 6171 6172 6173 6174 6175 6176 6177 6178 6179 6180 6181 6182 6183 6184 6185 6186 6187 6188 6189 6190 6191 6192 6193 6194 6195 6196 6197 6198 6199 6200 6201 6202 6203 6204 6205 6206 6207 6208 6209 6210 6211 6212 6213 6214 6215 6216 6217 6218 6219 6220 6221 6222 6223 6224 6225 6226 6227 6228 6229 6230 6231 6232 6233 6234 6235 6236 6237 6238 6239 6240 6241 6242 6243 6244 6245 6246 6247 6248 6249 6250 6251 6252 6253 6254 6255 6256 6257 6258 6259 6260 6261 6262 6263 6264 6265 6266 6267 6268 6269 6270 6271 6272 6273 6274 6275 6276 6277 6278 6279 6280 6281 6282 6283 6284 6285 6286 6287 6288 6289 6290 6291 6292 6293 6294 6295 6296 6297 6298 6299 6300 6301 6302 6303 6304 6305 6306 6307 6308 6309 6310 6311 6312 6313 6314 6315 6316 6317 6318 6319 6320 6321 6322 6323 6324 6325 6326 6327 6328 6329 6330 6331 6332 6333 6334 6335 6336 6337 6338 6339 6340 6341 6342 6343 6344 6345 6346 6347 6348 6349 6350 6351 6352 6353 6354 6355 6356 6357 6358 6359 6360 6361 6362 6363 6364 6365 6366 6367 6368 6369 6370 6371 6372 6373 6374 6375 6376 6377 6378 6379 6380 6381 6382 6383 6384 6385 6386 6387 6388 6389 6390 6391 6392 6393 6394 6395 6396 6397 6398 6399 6400 6401 6402 6403 6404 6405 6406 6407 6408 6409 6410 6411 6412 6413 6414 6415 6416 6417 6418 6419 6420 6421 6422 6423 6424 6425 6426 6427 6428 6429 6430 6431 6432 6433 6434 6435 6436 6437 6438 6439 6440 6441 6442 6443 6444 6445 6446 6447 6448 6449 6450 6451 6452 6453 6454 6455 6456 6457 6458 6459 6460 6461 6462 6463 6464 6465 6466 6467 6468 6469 6470 6471 6472 6473 6474 6475 6476 6477 6478 6479 6480 6481 6482 6483 6484 6485 6486 6487 6488 6489 6490 6491 6492 6493 6494 6495 6496 6497 6498 6499 6500 6501 6502 6503 6504 6505 6506 6507 6508 6509 6510 6511 6512 6513 6514 6515 6516 6517 6518 6519 6520 6521 6522 6523 6524 6525 6526 6527 6528 6529 6530 6531 6532 6533 6534 6535 6536 6537 6538 6539 6540 6541 6542 6543 6544 6545 6546 6547 6548 6549 6550 6551 6552 6553 6554 6555 6556 6557 6558 6559 6560 6561 6562 6563 6564 6565 6566 6567 6568 6569 6570 6571 6572 6573 6574 6575 6576 6577 6578 6579 6580 6581 6582 6583 6584 6585 6586 6587 6588 6589 6590 6591 6592 6593 6594 6595 6596 6597 6598 6599 6600 6601 6602 6603 6604 6605 6606 6607 6608 6609 6610 6611 6612 6613 6614 6615 6616 6617 6618 6619 6620 6621 6622 6623 6624 6625 6626 6627 6628 6629 6630 6631 6632 6633 6634 6635 6636 6637 6638 6639 6640 6641 6642 6643 6644 6645 6646 6647 6648 6649 6650 6651 6652 6653 6654 6655 6656 6657 6658 6659 6660 6661 6662 6663 6664 6665 6666 6667 6668 6669 6670 6671 6672 6673 6674 6675 6676 6677 6678 6679 6680 6681 6682 6683 6684 6685 6686 6687 6688 6689 6690 6691 6692 6693 6694 6695 6696 6697 6698 6699 6700 6701 6702 6703 6704 6705 6706 6707 6708 6709 6710 6711 6712 6713 6714 6715 6716 6717 6718 6719 6720 6721 6722 6723 6724 6725 6726 6727 6728 6729 6730 6731 6732 6733 6734 6735 6736 6737 6738 6739 6740 6741 6742 6743 6744 6745 6746 6747 6748 6749 6750 6751 6752 6753 6754 6755 6756 6757 6758 6759 6760 6761 6762 6763 6764 6765 6766 6767 6768 6769 6770 6771 6772 6773 6774 6775 6776 6777 6778 6779 6780 6781 6782 6783 6784 6785 6786 6787 6788 6789 6790 6791 6792 6793 6794 6795 6796 6797 6798 6799 6800 6801 6802 6803 6804 6805 6806 6807 6808 6809 6810 6811 6812 6813 6814 6815 6816 6817 6818 6819 6820 6821 6822 6823 6824 6825 6826 6827 6828 6829 6830 6831 6832 6833 6834 6835 6836 6837 6838 6839 6840 6841 6842 6843 6844 6845 6846 6847 6848 6849 6850 6851 6852 6853 6854 6855 6856 6857 6858 6859 6860 6861 6862 6863 6864 6865 6866 6867 6868 6869 6870 6871 6872 6873 6874 6875 6876 6877 6878 6879 6880 6881 6882 6883 6884 6885 6886 6887 6888 6889 6890 6891 6892 6893 6894 6895 6896 6897 6898 6899 6900 6901 6902 6903 6904 6905 6906 6907 6908 6909 6910 6911 6912 6913 6914 6915 6916 6917 6918 6919 6920 6921 6922 6923 6924 6925 6926 6927 6928 6929 6930 6931 6932 6933 6934 6935 6936 6937 6938 6939 6940 6941 6942 6943 6944 6945 6946 6947 6948 6949 6950 6951 6952 6953 6954 6955 6956 6957 6958 6959 6960 6961 6962 6963 6964 6965 6966 6967 6968 6969 6970 6971 6972 6973 6974 6975 6976 6977 6978 6979 6980 6981 6982 6983 6984 6985 6986 6987 6988 6989 6990 6991 6992 6993 6994 6995 6996 6997 6998 6999 7000 7001 7002 7003 7004 7005 7006 7007 7008 7009 7010 7011 7012 7013 7014 7015 7016 7017 7018 7019 7020 7021 7022 7023 7024 7025 7026 7027 7028 7029 7030 7031 7032 7033 7034 7035 7036 7037 7038 7039 7040 7041 7042 7043 7044 7045 7046 7047 7048 7049 7050 7051 7052 7053 7054 7055 7056 7057 7058 7059 7060 7061 7062 7063 7064 7065 7066 7067 7068 7069 7070 7071 7072 7073 7074 7075 7076 7077 7078 7079 7080 7081 7082 7083 7084 7085 7086 7087 7088 7089 7090 7091 7092 7093 7094 7095 7096 7097 7098 7099 7100 7101 7102 7103 7104 7105 7106 7107 7108 7109 7110 7111 7112 7113 7114 7115 7116 7117 7118 7119 7120 7121 7122 7123 7124 7125 7126 7127 7128 7129 7130 7131 7132 7133 7134 7135 7136 7137 7138 7139 7140 7141 7142 7143 7144 7145 7146 7147 7148 7149 7150 7151 7152 7153 7154 7155 7156 7157 7158 7159 7160 7161 7162 7163 7164 7165 7166 7167 7168 7169 7170 7171 7172 7173 7174 7175 7176 7177 7178 7179 7180 7181 7182 7183 7184 7185 7186 7187 7188 7189 7190 7191 7192 7193 7194 7195 7196 7197 7198 7199 7200 7201 7202 7203 7204 7205 7206 7207 7208 7209 7210 7211 7212 7213 7214 7215 7216 7217 7218 7219 7220 7221 7222 7223 7224 7225 7226 7227 7228 7229 7230 7231 7232 7233 7234 7235 7236 7237 7238 7239 7240 7241 7242 7243 7244 7245 7246 7247 7248 7249 7250 7251 7252 7253 7254 7255 7256 7257 7258 7259 7260 7261 7262 7263 7264 7265 7266 7267 7268 7269 7270 7271 7272 7273 7274 7275 7276 7277 7278 7279 7280 7281 7282 7283 7284 7285 7286 7287 7288 7289 7290 7291 7292 7293 7294 7295 7296 7297 7298 7299 7300 7301 7302 7303 7304 7305 7306 7307 7308 7309 7310 7311 7312 7313 7314 7315 7316 7317 7318 7319 7320 7321 7322 7323 7324 7325 7326 7327 7328 7329 7330 7331 7332 7333 7334 7335 7336 7337 7338 7339 7340 7341 7342 7343 7344 7345 7346 7347 7348 7349 7350 7351 7352 7353 7354 7355 7356 7357 7358 7359 7360 7361 7362 7363 7364 7365 7366 7367 7368 7369 7370 7371 7372 7373 7374 7375 7376 7377 7378 7379 7380 7381 7382 7383 7384 7385 7386 7387 7388 7389 7390 7391 7392 7393 7394 7395 7396 7397 7398 7399 7400 7401 7402 7403 7404 7405 7406 7407 7408 7409 7410 7411 7412 7413 7414 7415 7416 7417 7418 7419 7420 7421 7422 7423 7424 7425 7426 7427 7428 7429 7430 7431 7432 7433 7434 7435 7436 7437 7438 7439 7440 7441 7442 7443 7444 7445 7446 7447 7448 7449 7450 7451 7452 7453 7454 7455 7456 7457 7458 7459 7460 7461 7462 7463 7464 7465 7466 7467 7468 7469 7470 7471 7472 7473 7474 7475 7476 7477 7478 7479 7480 7481 7482 7483 7484 7485 7486 7487 7488 7489 7490 7491 7492 7493 7494 7495 7496 7497 7498 7499 7500 7501 7502 7503 7504 7505 7506 7507 7508 7509 7510 7511 7512 7513 7514 7515 7516 7517 7518 7519 7520 7521 7522 7523 7524 7525 7526 7527 7528 7529 7530 7531 7532 7533 7534 7535 7536 7537 7538 7539 7540 7541 7542 7543 7544 7545 7546 7547 7548 7549 7550 7551 7552 7553 7554 7555 7556 7557 7558 7559 7560 7561 7562 7563 7564 7565 7566 7567 7568 7569 7570 7571 7572 7573 7574 7575 7576 7577 7578 7579 7580 7581 7582 7583 7584 7585 7586 7587 7588 7589 7590 7591 7592 7593 7594 7595 7596 7597 7598 7599 7600 7601 7602 7603 7604 7605 7606 7607 7608 7609 7610 7611 7612 7613 7614 7615 7616 7617 7618 7619 7620 7621 7622 7623 7624 7625 7626 7627 7628 7629 7630 7631 7632 7633 7634 7635 7636 7637 7638 7639 7640 7641 7642 7643 7644 7645 7646 7647 7648 7649 7650 7651 7652 7653 7654 7655 7656 7657 7658 7659 7660 7661 7662 7663 7664 7665 7666 7667 7668 7669 7670 7671 7672 7673 7674 7675 7676 7677 7678 7679 7680 7681 7682 7683 7684 7685 7686 7687 7688 7689 7690 7691 7692 7693 7694 7695 7696 7697 7698 7699 7700 7701 7702 7703 7704 7705 7706 7707 7708 7709 7710 7711 7712 7713 7714 7715 7716 7717 7718 7719 7720 7721 7722 7723 7724 7725 7726 7727 7728 7729 7730 7731 7732 7733 7734 7735 7736 7737 7738 7739 7740 7741 7742 7743 7744 7745 7746 7747 7748 7749 7750 7751 7752 7753 7754 7755 7756 7757 7758 7759 7760 7761 7762 7763 7764 7765 7766 7767 7768 7769 7770 7771 7772 7773 7774 7775 7776 7777 7778 7779 7780 7781 7782 7783 7784 7785 7786 7787 7788 7789 7790 7791 7792 7793 7794 7795 7796 7797 7798 7799 7800 7801 7802 7803 7804 7805 7806 7807 7808 7809 7810 7811 7812 7813 7814 7815 7816 7817 7818 7819 7820 7821 7822 7823 7824 7825 7826 7827 7828 7829 7830 7831 7832 7833 7834 7835 7836 7837 7838 7839 7840 7841 7842 7843 7844 7845 7846 7847 7848 7849 7850 7851 7852 7853 7854 7855 7856 7857 7858 7859 7860 7861 7862 7863 7864 7865 7866 7867 7868 7869 7870 7871 7872 7873 7874 7875 7876 7877 7878 7879 7880 7881 7882 7883 7884 7885 7886 7887 7888 7889 7890 7891 7892 7893 7894 7895 7896 7897 7898 7899 7900 7901 7902 7903 7904 7905 7906 7907 7908 7909 7910 7911 7912 7913 7914 7915 7916 7917 7918 7919 7920 7921 7922 7923 7924 7925 7926 7927 7928 7929 7930 7931 7932 7933 7934 7935 7936 7937 7938 7939 7940 7941 7942 7943 7944 7945 7946 7947 7948 7949 7950 7951 7952 7953 7954 7955 7956 7957 7958 7959 7960 7961 7962 7963 7964 7965 7966 7967 7968 7969 7970 7971 7972 7973 7974 7975 7976 7977 7978 7979 7980 7981 7982 7983 7984 7985 7986 7987 7988 7989 7990 7991 7992 7993 7994 7995 7996 7997 7998 7999 8000 8001 8002 8003 8004 8005 8006 8007 8008 8009 8010 8011 8012 8013 8014 8015 8016 8017 8018 8019 8020 8021 8022 8023 8024 8025 8026 8027 8028 8029 8030 8031 8032 8033 8034 8035 8036 8037 8038 8039 8040 8041 8042 8043 8044 8045 8046 8047 8048 8049 8050 8051 8052 8053 8054 8055 8056 8057 8058 8059 8060 8061 8062 8063 8064 8065 8066 8067 8068 8069 8070 8071 8072 8073 8074 8075 8076 8077 8078 8079 8080 8081 8082 8083 8084 8085 8086 8087 8088 8089 8090 8091 8092 8093 8094 8095 8096 8097 8098 8099 8100 8101 8102 8103 8104 8105 8106 8107 8108 8109 8110 8111 8112 8113 8114 8115 8116 8117 8118 8119 8120 8121 8122 8123 8124 8125 8126 8127 8128 8129 8130 8131 8132 8133 8134 8135 8136 8137 8138 8139 8140 8141 8142 8143 8144 8145 8146 8147 8148 8149 8150 8151 8152 8153 8154 8155 8156 8157 8158 8159 8160 8161 8162 8163 8164 8165 8166 8167 8168 8169 8170 8171 8172 8173 8174 8175 8176 8177 8178 8179 8180 8181 8182 8183 8184 8185 8186 8187 8188 8189 8190 8191 8192 8193 8194 8195 8196 8197 8198 8199 8200 8201 8202 8203 8204 8205 8206 8207 8208 8209 8210 8211 8212 8213 8214 8215 8216 8217 8218 8219 8220 8221 8222 8223 8224 8225 8226 8227 8228 8229 8230 8231 8232 8233 8234 8235 8236 8237 8238 8239 8240 8241 8242 8243 8244 8245 8246 8247 8248 8249 8250 8251 8252 8253 8254 8255 8256 8257 8258 8259 8260 8261 8262 8263 8264 8265 8266 8267 8268 8269 8270 8271 8272 8273 8274 8275 8276 8277 8278 8279 8280 8281 8282 8283 8284 8285 8286 8287 8288 8289 8290 8291 8292 8293 8294 8295 8296 8297 8298 8299 8300 8301 8302 8303 8304 8305 8306 8307 8308 8309 8310 8311 8312 8313 8314 8315 8316 8317 8318 8319 8320 8321 8322 8323 8324 8325 8326 8327 8328 8329 8330 8331 8332 8333 8334 8335 8336 8337 8338 8339 8340 8341 8342 8343 8344 8345 8346 8347 8348 8349 8350 8351 8352 8353 8354 8355 8356 8357 8358 8359 8360 8361 8362 8363 8364 8365 8366 8367 8368 8369 8370 8371 8372 8373 8374 8375 8376 8377 8378 8379 8380 8381 8382 8383 8384 8385 8386 8387 8388 8389 8390 8391 8392 8393 8394 8395 8396 8397 8398 8399 8400 8401 8402 8403 8404 8405 8406 8407 8408 8409 8410 8411 8412 8413 8414 8415 8416 8417 8418 8419 8420 8421 8422 8423 8424 8425 8426 8427 8428 8429 8430 8431 8432 8433 8434 8435 8436 8437 8438 8439 8440 8441 8442 8443 8444 8445 8446 8447 8448 8449 8450 8451 8452 8453 8454 8455 8456 8457 8458 8459 8460 8461 8462 8463 8464 8465 8466 8467 8468 8469 8470 8471 8472 8473 8474 8475 8476 8477 8478 8479 8480 8481 8482 8483 8484 8485 8486 8487 8488 8489 8490 8491 8492 8493 8494 8495 8496 8497 8498 8499 8500 8501 8502 8503 8504 8505 8506 8507 8508 8509 8510 8511 8512 8513 8514 8515 8516 8517 8518 8519 8520 8521 8522 8523 8524 8525 8526 8527 8528 8529 8530 8531 8532 8533 8534 8535 8536 8537 8538 8539 8540 8541 8542 8543 8544 8545 8546 8547 8548 8549 8550 8551 8552 8553 8554 8555 8556 8557 8558 8559 8560 8561 8562 8563 8564 8565 8566 8567 8568 8569 8570 8571 8572 8573 8574 8575 8576 8577 8578 8579 8580 8581 8582 8583 8584 8585 8586 8587 8588 8589 8590 8591 8592 8593 8594 8595 8596 8597 8598 8599 8600 8601 8602 8603 8604 8605 8606 8607 8608 8609 8610 8611 8612 8613 8614 8615 8616 8617 8618 8619 8620 8621 8622 8623 8624 8625 8626 8627 8628 8629 8630 8631 8632 8633 8634 8635 8636 8637 8638 8639 8640 8641 8642 8643 8644 8645 8646 8647 8648 8649 8650 8651 8652 8653 8654 8655 8656 8657 8658 8659 8660 8661 8662 8663 8664 8665 8666 8667 8668 8669 8670 8671 8672 8673 8674 8675 8676 8677 8678 8679 8680 8681 8682 8683 8684 8685 8686 8687 8688 8689 8690 8691 8692 8693 8694 8695 8696 8697 8698 8699 8700 8701 8702 8703 8704 8705 8706 8707 8708 8709 8710 8711 8712 8713 8714 8715 8716 8717 8718 8719 8720 8721 8722 8723 8724 8725 8726 8727 8728 8729 8730 8731 8732 8733 8734 8735 8736 8737 8738 8739 8740 8741 8742 8743 8744 8745 8746 8747 8748 8749 8750 8751 8752 8753 8754 8755 8756 8757 8758 8759 8760 8761 8762 8763 8764 8765 8766 8767 8768 8769 8770 8771 8772 8773 8774 8775 8776 8777 8778 8779 8780 8781 8782 8783 8784 8785 8786 8787 8788 8789 8790 8791 8792 8793 8794 8795 8796 8797 8798 8799 8800 8801 8802 8803 8804 8805 8806 8807 8808 8809 8810 8811 8812 8813 8814 8815 8816 8817 8818 8819 8820 8821 8822 8823 8824 8825 8826 8827 8828 8829 8830 8831 8832 8833 8834 8835 8836 8837 8838 8839 8840 8841 8842 8843 8844 8845 8846 8847 8848 8849 8850 8851 8852 8853 8854 8855 8856 8857 8858 8859 8860 8861 8862 8863 8864 8865 8866 8867 8868 8869 8870 8871 8872 8873 8874 8875 8876 8877 8878 8879 8880 8881 8882 8883 8884 8885 8886 8887 8888 8889 8890 8891 8892 8893 8894 8895 8896 8897 8898 8899 8900 8901 8902 8903 8904 8905 8906 8907 8908 8909 8910 8911 8912 8913 8914 8915 8916 8917 8918 8919 8920 8921 8922 8923 8924 8925 8926 8927 8928 8929 8930 8931 8932 8933 8934 8935 8936 8937 8938 8939 8940 8941 8942 8943 8944 8945 8946 8947 8948 8949 8950 8951 8952 8953 8954 8955 8956 8957 8958 8959 8960 8961 8962 8963 8964 8965 8966 8967 8968 8969 8970 8971 8972 8973 8974 8975 8976 8977 8978 8979 8980 8981 8982 8983 8984 8985 8986 8987 8988 8989 8990 8991 8992 8993 8994 8995 8996 8997 8998 8999 9000 9001 9002 9003 9004 9005 9006 9007 9008 9009 9010 9011 9012 9013 9014 9015 9016 9017 9018 9019 9020 9021 9022 9023 9024 9025 9026 9027 9028 9029 9030 9031 9032 9033 9034 9035 9036 9037 9038 9039 9040 9041 9042 9043 9044 9045 9046 9047 9048 9049 9050 9051 9052 9053 9054 9055 9056 9057 9058 9059 9060 9061 9062 9063 9064 9065 9066 9067 9068 9069 9070 9071 9072 9073 9074 9075 9076 9077 9078 9079 9080 9081 9082 9083 9084 9085 9086 9087 9088 9089 9090 9091 9092 9093 9094 9095 9096 9097 9098 9099 9100 9101 9102 9103 9104 9105 9106 9107 9108 9109 9110 9111 9112 9113 9114 9115 9116 9117 9118 9119 9120 9121 9122 9123 9124 9125 9126 9127 9128 9129 9130 9131 9132 9133 9134 9135 9136 9137 9138 9139 9140 9141 9142 9143 9144 9145 9146 9147 9148 9149 9150 9151 9152 9153 9154 9155 9156 9157 9158 9159 9160 9161 9162 9163 9164 9165 9166 9167 9168 9169 9170 9171 9172 9173 9174 9175 9176 9177 9178 9179 9180 9181 9182 9183 9184 9185 9186 9187 9188 9189 9190 9191 9192 9193 9194 9195 9196 9197 9198 9199 9200 9201 9202 9203 9204 9205 9206 9207 9208 9209 9210 9211 9212 9213 9214 9215 9216 9217 9218 9219 9220 9221 9222 9223 9224 9225 9226 9227 9228 9229 9230 9231 9232 9233 9234 9235 9236 9237 9238 9239 9240 9241 9242 9243 9244 9245 9246 9247 9248 9249 9250 9251 9252 9253 9254 9255 9256 9257 9258 9259 9260 9261 9262 9263 9264 9265 9266 9267 9268 9269 9270 9271 9272 9273 9274 9275 9276 9277 9278 9279 9280 9281 9282 9283 9284 9285 9286 9287 9288 9289 9290 9291 9292 9293 9294 9295 9296 9297 9298 9299 9300 9301 9302 9303 9304 9305 9306 9307 9308 9309 9310 9311 9312 9313 9314 9315 9316 9317 9318 9319 9320 9321 9322 9323 9324 9325 9326 9327 9328 9329 9330 9331 9332 9333 9334 9335 9336 9337 9338 9339 9340 9341 9342 9343 9344 9345 9346 9347 9348 9349 9350 9351 9352 9353 9354 9355 9356 9357 9358 9359 9360 9361 9362 9363 9364 9365 9366 9367 9368 9369 9370 9371 9372 9373 9374 9375 9376 9377 9378 9379 9380 9381 9382 9383 9384 9385 9386 9387 9388 9389 9390 9391 9392 9393 9394 9395 9396 9397 9398 9399 9400 9401 9402 9403 9404 9405 9406 9407 9408 9409 9410 9411 9412 9413 9414 9415 9416 9417 9418 9419 9420 9421 9422 9423 9424 9425 9426 9427 9428 9429 9430 9431 9432 9433 9434 9435 9436 9437 9438 9439 9440 9441 9442 9443 9444 9445 9446 9447 9448 9449 9450 9451 9452 9453 9454 9455 9456 9457 9458 9459 9460 9461 9462 9463 9464 9465 9466 9467 9468 9469 9470 9471 9472 9473 9474 9475 9476 9477 9478 9479 9480 9481 9482 9483 9484 9485 9486 9487 9488 9489 9490 9491 9492 9493 9494 9495 9496 9497 9498 9499 9500 9501 9502 9503 9504 9505 9506 9507 9508 9509 9510 9511 9512 9513 9514 9515 9516 9517 9518 9519 9520 9521 9522 9523 9524 9525 9526 9527 9528 9529 9530 9531 9532 9533 9534 9535 9536 9537 9538 9539 9540 9541 9542 9543 9544 9545 9546 9547 9548 9549 9550 9551 9552 9553 9554 9555 9556 9557 9558 9559 9560 9561 9562 9563 9564 9565 9566 9567 9568 9569 9570 9571 9572 9573 9574 9575 9576 9577 9578 9579 9580 9581 9582 9583 9584 9585 9586 9587 9588 9589 9590 9591 9592 9593 9594 9595 9596 9597 9598 9599 9600 9601 9602 9603 9604 9605 9606 9607 9608 9609 9610 9611 9612 9613 9614 9615 9616 9617 9618 9619 9620 9621 9622 9623 9624 9625 9626 9627 9628 9629 9630 9631 9632 9633 9634 9635 9636 9637 9638 9639 9640 9641 9642 9643 9644 9645 9646 9647 9648 9649 9650 9651 9652 9653 9654 9655 9656 9657 9658 9659 9660 9661 9662 9663 9664 9665 9666 9667 9668 9669 9670 9671 9672 9673 9674 9675 9676 9677 9678 9679 9680 9681 9682 9683 9684 9685 9686 9687 9688 9689 9690 9691 9692 9693 9694 9695 9696 9697 9698 9699 9700 9701 9702 9703 9704 9705 9706 9707 9708 9709 9710 9711 9712 9713 9714 9715 9716 9717 9718 9719 9720 9721 9722 9723 9724 9725 9726 9727 9728 9729 9730 9731 9732 9733 9734 9735 9736 9737 9738 9739 9740 9741 9742 9743 9744 9745 9746 9747 9748 9749 9750 9751 9752 9753 9754 9755 9756 9757 9758 9759 9760 9761 9762 9763 9764 9765 9766 9767 9768 9769 9770 9771 9772 9773 9774 9775 9776 9777 9778 9779 9780 9781 9782 9783 9784 9785 9786 9787 9788 9789 9790 9791 9792 9793 9794 9795 9796 9797 9798 9799 9800 9801 9802 9803 9804 9805 9806 9807 9808 9809 9810 9811 9812 9813 9814 9815 9816 9817 9818 9819 9820 9821 9822 9823 9824 9825 9826 9827 9828 9829 9830 9831 9832 9833 9834 9835 9836 9837 9838 9839 9840 9841 9842 9843 9844 9845 9846 9847 9848 9849 9850 9851 9852 9853 9854 9855 9856 9857 9858 9859 9860 9861 9862 9863 9864 9865 9866 9867 9868 9869 9870 9871 9872 9873 9874 9875 9876 9877 9878 9879 9880 9881 9882 9883 9884 9885 9886 9887 9888 9889 9890 9891 9892 9893 9894 9895 9896 9897 9898 9899 9900 9901 9902 9903 9904 9905 9906 9907 9908 9909 9910 9911 9912 9913 9914 9915 9916 9917 9918 9919 9920 9921 9922 9923 9924 9925 9926 9927 9928 9929 9930 9931 9932 9933 9934 9935 9936 9937 9938 9939 9940 9941 9942 9943 9944 9945 9946 9947 9948 9949 9950 9951 9952 9953 9954 9955 9956 9957 9958 9959 9960 9961 9962 9963 9964 9965 9966 9967 9968 9969 9970 9971 9972 9973 9974 9975 9976 9977 9978 9979 9980 9981 9982 9983 9984 9985 9986 9987 9988 9989 9990 9991 9992 9993 9994 9995 9996 9997 9998 9999 10000 
values
Bukayo Saka
Bukayo Saka
Bukayo Saka
Bukayo Saka
Bukayo Saka
Bukayo Saka
Bukayo Saka
Bukayo Saka
Bukayo Saka
Bukayo Saka
Bukayo Saka
Bukayo Saka
Bukayo Saka
Bukayo Saka
Bukayo Saka
Bukayo Saka
Bukayo Saka
Bukayo Saka
Bukayo Saka
Bukayo Saka
Bukayo Saka
Bukayo Saka
Bukayo Saka
Bukayo Saka
Bukayo Saka
Bukayo Saka
Bukayo Saka
Bukayo Saka
Bukayo Saka
Bukayo Saka
Bukayo Saka
Bukayo Saka
Bukayo Saka
Bukayo Saka
Bukayo Saka
Bukayo Saka
Bukayo Saka
Bukayo Saka
Bukayo Saka
Bukayo Saka
Bukayo Saka
Bukayo Saka
Bukayo Saka
Bukayo Saka
Bukayo Saka
Bukayo Saka
Bukayo Saka
Bukayo Saka
Bukayo Saka
Bukayo Saka
Bukayo Saka
Bukayo Saka
Bukayo Saka
Bukayo Saka
Bukayo Saka
Bukayo Saka
Bukayo Saka
Bukayo Saka
Bukayo Saka
Bukayo Saka
Bukayo Saka
Bukayo Saka
Bukayo Saka
Bukayo Saka
Bukayo Saka
Bukayo Saka
Bukayo Saka
Bukayo Saka
Bukayo Saka
Bukayo Saka
Bukayo Saka
Bukayo Saka
Bukayo Saka
Bukayo Saka
Bukayo Saka
Bukayo Saka
Bukayo Saka
Bukayo Saka
Bukayo Saka
Bukayo Saka
Bukayo Saka
Bukayo Saka
Bukayo Saka
Bukayo Saka
Bukayo Saka
Bukayo Saka
Bukayo Saka
Bukayo Saka
Bukayo Saka
Bukayo Saka
Bukayo Saka
Bukayo Saka
Bukayo Saka
Bukayo Saka
Bukayo Saka
Bukayo Saka
Bukayo Saka
Bukayo Saka
Bukayo Saka
Bukayo Saka
Bukayo Saka
Bukayo Saka
Bukayo Saka
Bukayo Saka
Bukayo Saka
Bukayo Saka
Bukayo Saka
Bukayo Saka
Bukayo Saka
Bukayo Saka
Bukayo Saka
Bukayo Saka
Bukayo Saka
Bukayo Saka
Bukayo Saka
Bukayo Saka
Bukayo Saka
Bukayo Saka
Bukayo Saka
Bukayo Saka
Bukayo Saka
Bukayo Saka
Bukayo Saka
Bukayo Saka
Bukayo Saka
Bukayo Saka
Bukayo Saka
Bukayo Saka
Bukayo Saka
Bukayo Saka
Bukayo Saka
Bukayo Saka
Bukayo Saka
Bukayo Saka
Bukayo Saka
Bukayo Saka
Bukayo Saka
Bukayo Saka
Bukayo Saka
Bukayo Saka
Bukayo Saka
Bukayo Saka
Bukayo Saka
Bukayo Saka
Bukayo Saka
Bukayo Saka
Bukayo Saka
Bukayo Saka
Bukayo Saka
Bukayo Saka
Bukayo Saka
Bukayo Saka
Bukayo Saka
Bukayo Saka
Bukayo Saka
Bukayo Saka
Bukayo Saka
Bukayo Saka
Bukayo Saka
Bukayo Saka
Bukayo Saka
Bukayo Saka
Bukayo Saka
Bukayo Saka
Bukayo Saka
Bukayo Saka
Bukayo Saka
Bukayo Saka
Bukayo Saka
Bukayo Saka
Bukayo Saka
Bukayo Saka
Bukayo Saka
Bukayo Saka
Bukayo Saka
Bukayo Saka
Bukayo Saka
Bukayo Saka
Bukayo Saka
Bukayo Saka
Bukayo Saka
Bukayo Saka
Bukayo Saka
Bukayo Saka
Bukayo Saka
Bukayo Saka
Bukayo Saka
Bukayo Saka
Bukayo Saka
Bukayo Saka
Bukayo Saka
Bukayo Saka
Bukayo Saka
Bukayo Saka
Bukayo Saka
Bukayo Saka
Bukayo Saka
Bukayo Saka
Bukayo Saka
Bukayo Saka
Bukayo Saka
Bukayo Saka
Bukayo Saka
Bukayo Saka
Bukayo Saka
Bukayo Saka
Bukayo Saka
Bukayo Saka
Bukayo Saka
Bukayo Saka
Bukayo Saka
Bukayo Saka
Bukayo Saka
Bukayo Saka
Bukayo Saka
Bukayo Saka
Bukayo Saka
Bukayo Saka
Bukayo Saka
Bukayo Saka
Bukayo Saka
Bukayo Saka
Bukayo Saka
Bukayo Saka
Bukayo Saka
Bukayo Saka
Bukayo Saka
Bukayo Saka
Bukayo Saka
Bukayo Saka
Bukayo Saka
Bukayo Saka
Bukayo Saka
Bukayo Saka
Bukayo Saka
Bukayo Saka
Bukayo Saka
Bukayo Saka
Bukayo Saka
Bukayo Saka
Bukayo Saka
Bukayo Saka
Bukayo Saka
Bukayo Saka
Bukayo Saka
Bukayo Saka
Bukayo Saka
Bukayo Saka
Bukayo Saka
Bukayo Saka
Bukayo Saka
Bukayo Saka
Bukayo Saka
Bukayo Saka
Bukayo Saka
Bukayo Saka
Bukayo Saka
Bukayo Saka
Bukayo Saka
Bukayo Saka
Bukayo Saka
Bukayo Saka
Bukayo Saka
Bukayo Saka
Bukayo Saka
Bukayo Saka
Bukayo Saka
Bukayo Saka
Bukayo Saka
Bukayo Saka
Bukayo Saka
Bukayo Saka
Bukayo Saka
Bukayo Saka
Bukayo Saka
Bukayo Saka
Bukayo Saka
Bukayo Saka
Bukayo Saka
Bukayo Saka
Bukayo Saka
Bukayo Saka
Bukayo Saka
Bukayo Saka
Bukayo Saka
Bukayo Saka
Bukayo Saka
Bukayo Saka
Bukayo Saka
Bukayo Saka
Bukayo Saka
Bukayo Saka
Bukayo Saka
Bukayo Saka
Bukayo Saka
Bukayo Saka
Bukayo Saka
Bukayo Saka
Bukayo Saka
Bukayo Saka
Bukayo Saka
Bukayo Saka
Bukayo Saka
Bukayo Saka
Bukayo Saka
Bukayo Saka
Bukayo Saka
Bukayo Saka
Bukayo Saka
Bukayo Saka
Bukayo Saka
Bukayo Saka
Bukayo Saka
Bukayo Saka
Bukayo Saka
Bukayo Saka
Bukayo Saka
Bukayo Saka
Bukayo Saka
Bukayo Saka
Bukayo Saka
Bukayo Saka
Bukayo Saka
Bukayo Saka
Bukayo Saka
Bukayo Saka
Bukayo Saka
Bukayo Saka
Bukayo Saka
Bukayo Saka
Bukayo Saka
Bukayo Saka
Bukayo Saka
Bukayo Saka
Bukayo Saka
Bukayo Saka
Bukayo Saka
Bukayo Saka
Bukayo Saka
Bukayo Saka
Bukayo Saka
Bukayo Saka
Bukayo Saka
Bukayo Saka
Bukayo Saka
Bukayo Saka
Bukayo Saka
Bukayo Saka
Bukayo Saka
Bukayo Saka
Bukayo Saka
Bukayo Saka
Bukayo Saka
Bukayo Saka
Bukayo Saka
Bukayo Saka
Bukayo Saka
Bukayo Saka
Bukayo Saka
Bukayo Saka
Bukayo Saka
Bukayo Saka
Bukayo Saka
Bukayo Saka
Bukayo Saka
Bukayo Saka
Bukayo Saka
Bukayo Saka
Bukayo Saka
Bukayo Saka
Bukayo Saka
Bukayo Saka
Bukayo Saka
Bukayo Saka
Bukayo Saka
Bukayo Saka
Bukayo Saka
Bukayo Saka
Bukayo Saka
Bukayo Saka
Bukayo Saka
Bukayo Saka
Bukayo Saka
Bukayo Saka
Bukayo Saka
Bukayo Saka
Bukayo Saka
Bukayo Saka
Bukayo Saka
Bukayo Saka
Bukayo Saka
Bukayo Saka
Bukayo Saka
Bukayo Saka
Bukayo Saka
Bukayo Saka
Bukayo Saka
Bukayo Saka
Bukayo Saka
Bukayo Saka
Bukayo Saka
Bukayo Saka
Bukayo Saka
Bukayo Saka
Bukayo Saka
Bukayo Saka
Bukayo Saka
Bukayo Saka
Bukayo Saka
Bukayo Saka
Bukayo Saka
Bukayo Saka
Bukayo Saka
Bukayo Saka
Bukayo Saka
Bukayo Saka
Bukayo Saka
Bukayo Saka
Bukayo Saka
Bukayo Saka
Bukayo Saka
Bukayo Saka
Bukayo Saka
Bukayo Saka
Bukayo Saka
Bukayo Saka
Bukayo Saka
Bukayo Saka
Bukayo Saka
Bukayo Saka
Bukayo Saka
Bukayo Saka
Bukayo Saka
Bukayo Saka
Bukayo Saka
Bukayo Saka
Bukayo Saka
Bukayo Saka
Bukayo Saka
Bukayo Saka
Bukayo Saka
Bukayo Saka
Bukayo Saka
Bukayo Saka
Bukayo Saka
Bukayo Saka
Bukayo Saka
Bukayo Saka
Bukayo Saka
Bukayo Saka
Bukayo Saka
Bukayo Saka
Bukayo Saka
Bukayo Saka
Bukayo Saka
Bukayo Saka
Bukayo Saka
Bukayo Saka
Bukayo Saka
Bukayo Saka
Bukayo Saka
Bukayo Saka
Bukayo Saka
Bukayo Saka
Bukayo Saka
Bukayo Saka
Bukayo Saka
Bukayo Saka
Bukayo Saka
Bukayo Saka
Bukayo Saka
Bukayo Saka
Bukayo Saka
Bukayo Saka
Bukayo Saka
Bukayo Saka
Bukayo Saka
Bukayo Saka
Bukayo Saka
Bukayo Saka
Bukayo Saka
Bukayo Saka
Bukayo Saka
Bukayo Saka
Bukayo Saka
Bukayo Saka
Bukayo Saka
Bukayo Saka
Bukayo Saka
Bukayo Saka
Bukayo Saka
Bukayo Saka
Bukayo Saka
Bukayo Saka
Bukayo Saka
Bukayo Saka
Bukayo Saka
Bukayo Saka
Bukayo Saka
Bukayo Saka
Bukayo Saka
Bukayo Saka
Bukayo Saka
Bukayo Saka
Bukayo Saka
Bukayo Saka
Bukayo Saka
Bukayo Saka
Bukayo Saka
Bukayo Saka
Bukayo Saka
Bukayo Saka
Bukayo Saka
Bukayo Saka
Bukayo Saka
Bukayo Saka
Bukayo Saka
Bukayo Saka
Bukayo Saka
Bukayo Saka
Bukayo Saka
Bukayo Saka
Bukayo Saka
Bukayo Saka
Bukayo Saka
Bukayo Saka
Bukayo Saka
Bukayo Saka
Bukayo Saka
Bukayo Saka
Bukayo Saka
Bukayo Saka
Bukayo Saka
Bukayo Saka
Bukayo Saka
Bukayo Saka
Bukayo Saka
Bukayo Saka
Bukayo Saka
Bukayo Saka
Bukayo Saka
Bukayo Saka
Bukayo Saka
Bukayo Saka
Bukayo Saka
Bukayo Saka
Bukayo Saka
Bukayo Saka
Bukayo Saka
Bukayo Saka
Bukayo Saka
Bukayo Saka
Bukayo Saka
Bukayo Saka
Bukayo Saka
Bukayo Saka
Bukayo Saka
Bukayo Saka
Bukayo Saka
Bukayo Saka
Bukayo Saka
Bukayo Saka
Bukayo Saka
Bukayo Saka
Bukayo Saka
Bukayo Saka
Bukayo Saka
Bukayo Saka
Bukayo Saka
Bukayo Saka
Bukayo Saka
Bukayo Saka
Bukayo Saka
Bukayo Saka
Bukayo Saka
Bukayo Saka
Bukayo Saka
Bukayo Saka
Bukayo Saka
Bukayo Saka
Bukayo Saka
Bukayo Saka
Bukayo Saka
Bukayo Saka
Bukayo Saka
Bukayo Saka
Bukayo Saka
Bukayo Saka
Bukayo Saka
Bukayo Saka
Bukayo Saka
Bukayo Saka
Bukayo Saka
Bukayo Saka
Bukayo Saka
Bukayo Saka
Bukayo Saka
Bukayo Saka
Bukayo Saka
Bukayo Saka
Bukayo Saka
Bukayo Saka
Bukayo Saka
Bukayo Saka
Bukayo Saka
Bukayo Saka
Bukayo Saka
Bukayo Saka
Bukayo Saka
Bukayo Saka
Bukayo Saka
Bukayo Saka
Bukayo Saka
Bukayo Saka
Bukayo Saka
Bukayo Saka
Bukayo Saka
Bukayo Saka
Bukayo Saka
Bukayo Saka
Bukayo Saka
Bukayo Saka
Bukayo Saka
Bukayo Saka
Bukayo Saka
Bukayo Saka
Bukayo Saka
Bukayo Saka
Bukayo Saka
Bukayo Saka
Bukayo Saka
Bukayo Saka
Bukayo Saka
Bukayo Saka
Bukayo Saka
Bukayo Saka
Bukayo Saka
Bukayo Saka
Bukayo Saka
Bukayo Saka
Bukayo Saka
Bukayo Saka
Bukayo Saka
Bukayo Saka
Bukayo Saka
Bukayo Saka
Bukayo Saka
Bukayo Saka
Bukayo Saka
Bukayo Saka
Bukayo Saka
Bukayo Saka
Bukayo Saka
Bukayo Saka
Bukayo Saka
Bukayo Saka
Bukayo Saka
Bukayo Saka
Bukayo Saka
Bukayo Saka
Bukayo Saka
Bukayo Saka
Bukayo Saka
Bukayo Saka
Bukayo Saka
Bukayo Saka
Bukayo Saka
Bukayo Saka
Bukayo Saka
Bukayo Saka
Bukayo Saka
Bukayo Saka
Bukayo Saka
Bukayo Saka
Bukayo Saka
Bukayo Saka
Bukayo Saka
Bukayo Saka
Bukayo Saka
Bukayo Saka
Bukayo Saka
Bukayo Saka
Bukayo Saka
Bukayo Saka
Bukayo Saka
Bukayo Saka
Bukayo Saka
Bukayo Saka
Bukayo Saka
Bukayo Saka
Bukayo Saka
Bukayo Saka
Bukayo Saka
Bukayo Saka
Bukayo Saka
Bukayo Saka
Bukayo Saka
Bukayo Saka
Bukayo Saka
Bukayo Saka
Bukayo Saka
Bukayo Saka
Bukayo Saka
Bukayo Saka
Bukayo Saka
Bukayo Saka
Bukayo Saka
Bukayo Saka
Bukayo Saka
Bukayo Saka
Bukayo Saka
Bukayo Saka
Bukayo Saka
Bukayo Saka
Bukayo Saka
Bukayo Saka
Bukayo Saka
Bukayo Saka
Bukayo Saka
Bukayo Saka
Bukayo Saka
Bukayo Saka
Bukayo Saka
Bukayo Saka
Bukayo Saka
Bukayo Saka
Bukayo Saka
Bukayo Saka
Bukayo Saka
Bukayo Saka
Bukayo Saka
Bukayo Saka
Bukayo Saka
Bukayo Saka
Bukayo Saka
Bukayo Saka
Bukayo Saka
Bukayo Saka
Bukayo Saka
Bukayo Saka
Bukayo Saka
Bukayo Saka
Bukayo Saka
Bukayo Saka
Bukayo Saka
Bukayo Saka
Bukayo Saka
Bukayo Saka
Bukayo Saka
Bukayo Saka
Bukayo Saka
Bukayo Saka
Bukayo Saka
Bukayo Saka
Bukayo Saka
Bukayo Saka
Bukayo Saka
Bukayo Saka
Bukayo Saka
Bukayo Saka
Bukayo Saka
Bukayo Saka
Bukayo Saka
Bukayo Saka
Bukayo Saka
Bukayo Saka
Bukayo Saka
Bukayo Saka
Bukayo Saka
Bukayo Saka
Bukayo Saka
Bukayo Saka
Bukayo Saka
Bukayo Saka
Bukayo Saka
Bukayo Saka
Bukayo Saka
Bukayo Saka
Bukayo Saka
Bukayo Saka
Bukayo Saka
Bukayo Saka
Bukayo Saka
Bukayo Saka
Bukayo Saka
Bukayo Saka
Bukayo Saka
Bukayo Saka
Bukayo Saka
Bukayo Saka
Bukayo Saka
Bukayo Saka
Bukayo Saka
Bukayo Saka
Bukayo Saka
Bukayo Saka
Bukayo Saka
Bukayo Saka
Bukayo Saka
Bukayo Saka
Bukayo Saka
Bukayo Saka
Bukayo Saka
Bukayo Saka
Bukayo Saka
Bukayo Saka
Bukayo Saka
Bukayo Saka
Bukayo Saka
Bukayo Saka
Bukayo Saka
Bukayo Saka
Bukayo Saka
Bukayo Saka
Bukayo Saka
Bukayo Saka
Bukayo Saka
Bukayo Saka
Bukayo Saka
Bukayo Saka
Bukayo Saka
Bukayo Saka
Bukayo Saka
Bukayo Saka
Bukayo Saka
Bukayo Saka
Bukayo Saka
Bukayo Saka
Bukayo Saka
Bukayo Saka
Bukayo Saka
Bukayo Saka
Bukayo Saka
Bukayo Saka
Bukayo Saka
Bukayo Saka
Bukayo Saka
Bukayo Saka
Bukayo Saka
Bukayo Saka
Bukayo Saka
Bukayo Saka
Bukayo Saka
Bukayo Saka
Bukayo Saka
Bukayo Saka
Bukayo Saka
Bukayo Saka
Bukayo Saka
Bukayo Saka
Bukayo Saka
Bukayo Saka
Bukayo Saka
Bukayo Saka
Bukayo Saka
Bukayo Saka
Bukayo Saka
Bukayo Saka
Bukayo Saka
Bukayo Saka
Bukayo Saka
Bukayo Saka
Bukayo Saka
Bukayo Saka
Bukayo Saka
Bukayo Saka
Bukayo Saka
Bukayo Saka
Bukayo Saka
Bukayo Saka
Bukayo Saka
Bukayo Saka
Bukayo Saka
Bukayo Saka
Bukayo Saka
Bukayo Saka
Bukayo Saka
Bukayo Saka
Bukayo Saka
Bukayo Saka
Bukayo Saka
Bukayo Saka
Bukayo Saka
Bukayo Saka
Bukayo Saka
Bukayo Saka
Bukayo Saka
Bukayo Saka
Bukayo Saka
Bukayo Saka
Bukayo Saka
Bukayo Saka
Bukayo Saka
Bukayo Saka
Bukayo Saka
Bukayo Saka
Bukayo Saka
Bukayo Saka
Bukayo Saka
Bukayo Saka
Bukayo Saka
Bukayo Saka
Bukayo Saka
Bukayo Saka
Bukayo Saka
Bukayo Saka
Bukayo Saka
Bukayo Saka
Bukayo Saka
Bukayo Saka
Bukayo Saka
Bukayo Saka
Bukayo Saka
Bukayo Saka
Bukayo Saka
Bukayo Saka
Bukayo Saka
Bukayo Saka
Bukayo Saka
Bukayo Saka
Bukayo Saka
Bukayo Saka
Bukayo Saka
Bukayo Saka
Bukayo Saka
Bukayo Saka
Bukayo Saka
Bukayo Saka
Bukayo Saka
Bukayo Saka
Bukayo Saka
Bukayo Saka
Bukayo Saka
Bukayo Saka
Bukayo Saka
Bukayo Saka
Bukayo Saka
Bukayo Saka
Bukayo Saka
Bukayo Saka
Bukayo Saka
Bukayo Saka
Bukayo Saka
Bukayo Saka
Bukayo Saka
Bukayo Saka
Bukayo Saka
Bukayo Saka
Bukayo Saka
Bukayo Saka
Bukayo Saka
Bukayo Saka
Bukayo Saka
Bukayo Saka
Bukayo Saka
Bukayo Saka
Bukayo Saka
Bukayo Saka
Bukayo Saka
Bukayo Saka
Bukayo Saka
Bukayo Saka
Bukayo Saka
Bukayo Saka
Bukayo Saka
Bukayo Saka
Bukayo Saka
Bukayo Saka
Bukayo Saka
Bukayo Saka
Bukayo Saka
Bukayo Saka
Bukayo Saka
Bukayo Saka
Bukayo Saka
Bukayo Saka
Bukayo Saka
Bukayo Saka
Bukayo Saka
Bukayo Saka
Bukayo Saka
Bukayo Saka
Bukayo Saka
Bukayo Saka
Bukayo Saka
Bukayo Saka
Bukayo Saka
Bukayo Saka
Bukayo Saka
Bukayo Saka
Bukayo Saka
Bukayo Saka
Bukayo Saka
Bukayo Saka
Bukayo Saka
Bukayo Saka
Bukayo Saka
Bukayo Saka
Bukayo Saka
Bukayo Saka
Bukayo Saka
Bukayo Saka
Bukayo Saka
Bukayo Saka
Bukayo Saka
Bukayo Saka
Bukayo Saka
Bukayo Saka
Bukayo Saka
Bukayo Saka
Bukayo Saka
Bukayo Saka
Bukayo Saka
Bukayo Saka
Bukayo Saka
Bukayo Saka
Bukayo Saka
Bukayo Saka
Bukayo Saka
Bukayo Saka
Bukayo Saka
Bukayo Saka
Bukayo Saka
Bukayo Saka
Bukayo Saka
Bukayo Saka
Bukayo Saka
Bukayo Saka
Bukayo Saka
Bukayo Saka
Bukayo Saka
Bukayo Saka
Bukayo Saka
Bukayo Saka
Bukayo Saka
Bukayo Saka
Bukayo Saka
Bukayo Saka
Bukayo Saka
Bukayo Saka
Bukayo Saka
Bukayo Saka
Bukayo Saka
Bukayo Saka
Bukayo Saka
Bukayo Saka
Bukayo Saka
Bukayo Saka
Bukayo Saka
Bukayo Saka
Bukayo Saka
Bukayo Saka
Bukayo Saka
Bukayo Saka
Bukayo Saka
Bukayo Saka
Bukayo Saka
Bukayo Saka
Bukayo Saka
Bukayo Saka
Bukayo Saka
Bukayo Saka
Bukayo Saka
Bukayo Saka
Bukayo Saka
Bukayo Saka
Bukayo Saka
Bukayo Saka
Bukayo Saka
Bukayo Saka
Bukayo Saka
Bukayo Saka
Bukayo Saka
Bukayo Saka
Bukayo Saka
Bukayo Saka
Bukayo Saka
Bukayo Saka
Bukayo Saka
Bukayo Saka
Bukayo Saka
Bukayo Saka
Bukayo Saka
Bukayo Saka
Bukayo Saka
Bukayo Saka
Bukayo Saka
Bukayo Saka
Bukayo Saka
Bukayo Saka
Bukayo Saka
Bukayo Saka
Bukayo Saka
Bukayo Saka
Bukayo Saka
Bukayo Saka
Bukayo Saka
Bukayo Saka
Bukayo Saka
Bukayo Saka
Bukayo Saka
Bukayo Saka
Bukayo Saka
Bukayo Saka
Bukayo Saka
Bukayo Saka
Bukayo Saka
Bukayo Saka
Bukayo Saka
Bukayo Saka
Bukayo Saka
Bukayo Saka
Bukayo Saka
Bukayo Saka
Bukayo Saka
Bukayo Saka
Bukayo Saka
Bukayo Saka
Bukayo Saka
Bukayo Saka
Bukayo Saka
Bukayo Saka
Bukayo Saka
Bukayo Saka
Bukayo Saka
Bukayo Saka
Bukayo Saka
Bukayo Saka
Bukayo Saka
Bukayo Saka
Bukayo Saka
Bukayo Saka
Bukayo Saka
Bukayo Saka
Bukayo Saka
Bukayo Saka
Bukayo Saka
Bukayo Saka
Bukayo Saka
Bukayo Saka
Bukayo Saka
Bukayo Saka
Bukayo Saka
Bukayo Saka
Bukayo Saka
Bukayo Saka
Bukayo Saka
Bukayo Saka
Bukayo Saka
Bukayo Saka
Bukayo Saka
Bukayo Saka
Bukayo Saka
Bukayo Saka
Bukayo Saka
Bukayo Saka
Bukayo Saka
Bukayo Saka
Bukayo Saka
Bukayo Saka
Bukayo Saka
Bukayo Saka
Bukayo Saka
Bukayo Saka
Bukayo Saka
Bukayo Saka
Bukayo Saka
Bukayo Saka
Bukayo Saka
Bukayo Saka
Bukayo Saka
Bukayo Saka
Bukayo Saka
Bukayo Saka
Bukayo Saka
Bukayo Saka
Bukayo Saka
Bukayo Saka
Bukayo Saka
Bukayo Saka
Bukayo Saka
Bukayo Saka
Bukayo Saka
Bukayo Saka
Bukayo Saka
Bukayo Saka
Bukayo Saka
Bukayo Saka
Bukayo Saka
Bukayo Saka
Bukayo Saka
Bukayo Saka
Bukayo Saka
Bukayo Saka
Bukayo Saka
Bukayo Saka
Bukayo Saka
Bukayo Saka
Bukayo Saka
Bukayo Saka
Bukayo Saka
Bukayo Saka
Bukayo Saka
Bukayo Saka
Bukayo Saka
Bukayo Saka
Bukayo Saka
Bukayo Saka
Bukayo Saka
Bukayo Saka
Bukayo Saka
Bukayo Saka
Bukayo Saka
Bukayo Saka
Bukayo Saka
Bukayo Saka
Bukayo Saka
Bukayo Saka
Bukayo Saka
Bukayo Saka
Bukayo Saka
Bukayo Saka
Bukayo Saka
Bukayo Saka
Bukayo Saka
Bukayo Saka
Bukayo Saka
Bukayo Saka
Bukayo Saka
Bukayo Saka
Bukayo Saka
Bukayo Saka
Bukayo Saka
Bukayo Saka
Bukayo Saka
Bukayo Saka
Bukayo Saka
Bukayo Saka
Bukayo Saka
Bukayo Saka
Bukayo Saka
Bukayo Saka
Bukayo Saka
Bukayo Saka
Bukayo Saka
Bukayo Saka
Bukayo Saka
Bukayo Saka
Bukayo Saka
Bukayo Saka
Bukayo Saka
Bukayo Saka
Bukayo Saka
Bukayo Saka
Bukayo Saka
Bukayo Saka
Bukayo Saka
Bukayo Saka
Bukayo Saka
Bukayo Saka
Bukayo Saka
Bukayo Saka
Bukayo Saka
Bukayo Saka
Bukayo Saka
Bukayo Saka
Bukayo Saka
Bukayo Saka
Bukayo Saka
Bukayo Saka
Bukayo Saka
Bukayo Saka
Bukayo Saka
Bukayo Saka
Bukayo Saka
Bukayo Saka
Bukayo Saka
Bukayo Saka
Bukayo Saka
Bukayo Saka
Bukayo Saka
Bukayo Saka
Bukayo Saka
Bukayo Saka
Bukayo Saka
Bukayo Saka
Bukayo Saka
Bukayo Saka
Bukayo Saka
Bukayo Saka
Bukayo Saka
Bukayo Saka
Bukayo Saka
Bukayo Saka
Bukayo Saka
Bukayo Saka
Bukayo Saka
Bukayo Saka
Bukayo Saka
Bukayo Saka
Bukayo Saka
Bukayo Saka
Bukayo Saka
Bukayo Saka
Bukayo Saka
Bukayo Saka
Bukayo Saka
Bukayo Saka
Bukayo Saka
Bukayo Saka
Bukayo Saka
Bukayo Saka
Bukayo Saka
Bukayo Saka
Bukayo Saka
Bukayo Saka
Bukayo Saka
Bukayo Saka
Bukayo Saka
Bukayo Saka
Bukayo Saka
Bukayo Saka
Bukayo Saka
Bukayo Saka
Bukayo Saka
Bukayo Saka
Bukayo Saka
Bukayo Saka
Bukayo Saka
Bukayo Saka
Bukayo Saka
Bukayo Saka
Bukayo Saka
Bukayo Saka
Bukayo Saka
Bukayo Saka
Bukayo Saka
Bukayo Saka
Bukayo Saka
Bukayo Saka
Bukayo Saka
Bukayo Saka
Bukayo Saka
Bukayo Saka
Bukayo Saka
Bukayo Saka
Bukayo Saka
Bukayo Saka
Bukayo Saka
Bukayo Saka
Bukayo Saka
Bukayo Saka
Bukayo Saka
Bukayo Saka
Bukayo Saka
Bukayo Saka
Bukayo Saka
Bukayo Saka
Bukayo Saka
Bukayo Saka
Bukayo Saka
Bukayo Saka
Bukayo Saka
Bukayo Saka
Bukayo Saka
Bukayo Saka
Bukayo Saka
Bukayo Saka
Bukayo Saka
Bukayo Saka
Bukayo Saka
Bukayo Saka
Bukayo Saka
Bukayo Saka
Bukayo Saka
Bukayo Saka
Bukayo Saka
Bukayo Saka
Bukayo Saka
Bukayo Saka
Bukayo Saka
Bukayo Saka
Bukayo Saka
Bukayo Saka
Bukayo Saka
Bukayo Saka
Bukayo Saka
Bukayo Saka
Bukayo Saka
Bukayo Saka
Bukayo Saka
Bukayo Saka
Bukayo Saka
Bukayo Saka
Bukayo Saka
Bukayo Saka
Bukayo Saka
Bukayo Saka
Bukayo Saka
Bukayo Saka
Bukayo Saka
Bukayo Saka
Bukayo Saka
Bukayo Saka
Bukayo Saka
Bukayo Saka
Bukayo Saka
Bukayo Saka
Bukayo Saka
Bukayo Saka
Bukayo Saka
Bukayo Saka
Bukayo Saka
Bukayo Saka
Bukayo Saka
Bukayo Saka
Bukayo Saka
Bukayo Saka
Bukayo Saka
Bukayo Saka
Bukayo Saka
Bukayo Saka
Bukayo Saka
Bukayo Saka
Bukayo Saka
Bukayo Saka
Bukayo Saka
Bukayo Saka
Bukayo Saka
Bukayo Saka
Bukayo Saka
Bukayo Saka
Bukayo Saka
Bukayo Saka
Bukayo Saka
Bukayo Saka
Bukayo Saka
Bukayo Saka
Bukayo Saka
Bukayo Saka
Bukayo Saka
Bukayo Saka
Bukayo Saka
Bukayo Saka
Bukayo Saka
Bukayo Saka
Bukayo Saka
Bukayo Saka
Bukayo Saka
Bukayo Saka
Bukayo Saka
Bukayo Saka
Bukayo Saka
Bukayo Saka
Bukayo Saka
Bukayo Saka
Bukayo Saka
Bukayo Saka
Bukayo Saka
Bukayo Saka
Bukayo Saka
Bukayo Saka
Bukayo Saka
Bukayo Saka
Bukayo Saka
Bukayo Saka
Bukayo Saka
Bukayo Saka
Bukayo Saka
Bukayo Saka
Bukayo Saka
Bukayo Saka
Bukayo Saka
Bukayo Saka
Bukayo Saka
Bukayo Saka
Bukayo Saka
Bukayo Saka
Bukayo Saka
Bukayo Saka
Bukayo Saka
Bukayo Saka
Bukayo Saka
Bukayo Saka
Bukayo Saka
Bukayo Saka
Bukayo Saka
Bukayo Saka
Bukayo Saka
Bukayo Saka
Bukayo Saka
Bukayo Saka
Bukayo Saka
Bukayo Saka
Bukayo Saka
Bukayo Saka
Bukayo Saka
Bukayo Saka
Bukayo Saka
Bukayo Saka
Bukayo Saka
Bukayo Saka
Bukayo Saka
Bukayo Saka
Bukayo Saka
Bukayo Saka
Bukayo Saka
Bukayo Saka
Bukayo Saka
Bukayo Saka
Bukayo Saka
Bukayo Saka
Bukayo Saka
Bukayo Saka
Bukayo Saka
Bukayo Saka
Bukayo Saka
Bukayo Saka
Bukayo Saka
Bukayo Saka
Bukayo Saka
Bukayo Saka
Bukayo Saka
Bukayo Saka
Bukayo Saka
Bukayo Saka
Bukayo Saka
Bukayo Saka
Bukayo Saka
Bukayo Saka
Bukayo Saka
Bukayo Saka
Bukayo Saka
Bukayo Saka
Bukayo Saka
Bukayo Saka
Bukayo Saka
Bukayo Saka
Bukayo Saka
Bukayo Saka
Bukayo Saka
Bukayo Saka
Bukayo Saka
Bukayo Saka
Bukayo Saka
Bukayo Saka
Bukayo Saka
Bukayo Saka
Bukayo Saka
Bukayo Saka
Bukayo Saka
Bukayo Saka
Bukayo Saka
Bukayo Saka
Bukayo Saka
Bukayo Saka
Bukayo Saka
Bukayo Saka
Bukayo Saka
Bukayo Saka
Bukayo Saka
Bukayo Saka
Bukayo Saka
Bukayo Saka
Bukayo Saka
Bukayo Saka
Bukayo Saka
Bukayo Saka
Bukayo Saka
Bukayo Saka
Bukayo Saka
Bukayo Saka
Bukayo Saka
Bukayo Saka
Bukayo Saka
Bukayo Saka
Bukayo Saka
Bukayo Saka
Bukayo Saka
Bukayo Saka
Bukayo Saka
Bukayo Saka
Bukayo Saka
Bukayo Saka
Bukayo Saka
Bukayo Saka
Bukayo Saka
Bukayo Saka
Bukayo Saka
Bukayo Saka
Bukayo Saka
Bukayo Saka
Bukayo Saka
Bukayo Saka
Bukayo Saka
Bukayo Saka
Bukayo Saka
Bukayo Saka
Bukayo Saka
Bukayo Saka
Bukayo Saka
Bukayo Saka
Bukayo Saka
Bukayo Saka
Bukayo Saka
Bukayo Saka
Bukayo Saka
Bukayo Saka
Bukayo Saka
Bukayo Saka
Bukayo Saka
Bukayo Saka
Bukayo Saka
Bukayo Saka
Bukayo Saka
Bukayo Saka
Bukayo Saka
Bukayo Saka
Bukayo Saka
Bukayo Saka
Bukayo Saka
Bukayo Saka
Bukayo Saka
Bukayo Saka
Bukayo Saka
Bukayo Saka
Bukayo Saka
Bukayo Saka
Bukayo Saka
Bukayo Saka
Bukayo Saka
Bukayo Saka
Bukayo Saka
Bukayo Saka
Bukayo Saka
Bukayo Saka
Bukayo Saka
Bukayo Saka
Bukayo Saka
Bukayo Saka
Bukayo Saka
Bukayo Saka
Bukayo Saka
Bukayo Saka
Bukayo Saka
Bukayo Saka
Bukayo Saka
Bukayo Saka
Bukayo Saka
Bukayo Saka
Bukayo Saka
Bukayo Saka
Bukayo Saka
Bukayo Saka
Bukayo Saka
Bukayo Saka
Bukayo Saka
Bukayo Saka
Bukayo Saka
Bukayo Saka
Bukayo Saka
Bukayo Saka
Bukayo Saka
Bukayo Saka
Bukayo Saka
Bukayo Saka
Bukayo Saka
Bukayo Saka
Bukayo Saka
Bukayo Saka
Bukayo Saka
Bukayo Saka
Bukayo Saka
Bukayo Saka
Bukayo Saka
Bukayo Saka
Bukayo Saka
Bukayo Saka
Bukayo Saka
Bukayo Saka
Bukayo Saka
Bukayo Saka
Bukayo Saka
Bukayo Saka
Bukayo Saka
Bukayo Saka
Bukayo Saka
Bukayo Saka
Bukayo Saka
Bukayo Saka
Bukayo Saka
Bukayo Saka
Bukayo Saka
Bukayo Saka
Bukayo Saka
Bukayo Saka
Bukayo Saka
Bukayo Saka
Bukayo Saka
Bukayo Saka
Bukayo Saka
Bukayo Saka
Bukayo Saka
Bukayo Saka
Bukayo Saka
Bukayo Saka
Bukayo Saka
Bukayo Saka
Bukayo Saka
Bukayo Saka
Bukayo Saka
Bukayo Saka
Bukayo Saka
Bukayo Saka
Bukayo Saka
Bukayo Saka
Bukayo Saka
Bukayo Saka
Bukayo Saka
Bukayo Saka
Bukayo Saka
Bukayo Saka
Bukayo Saka
Bukayo Saka
Bukayo Saka
Bukayo Saka
Bukayo Saka
Bukayo Saka
Bukayo Saka
Bukayo Saka
Bukayo Saka
Bukayo Saka
Bukayo Saka
Bukayo Saka
Bukayo Saka
Bukayo Saka
Bukayo Saka
Bukayo Saka
Bukayo Saka
Bukayo Saka
Bukayo Saka
Bukayo Saka
Bukayo Saka
Bukayo Saka
Bukayo Saka
Bukayo Saka
Bukayo Saka
Bukayo Saka
Bukayo Saka
Bukayo Saka
Bukayo Saka
Bukayo Saka
Bukayo Saka
Bukayo Saka
Bukayo Saka
Bukayo Saka
Bukayo Saka
Bukayo Saka
Bukayo Saka
Bukayo Saka
Bukayo Saka
Bukayo Saka
Bukayo Saka
Bukayo Saka
Bukayo Saka
Bukayo Saka
Bukayo Saka
Bukayo Saka
Bukayo Saka
Bukayo Saka
Bukayo Saka
Bukayo Saka
Bukayo Saka
Bukayo Saka
Bukayo Saka
Bukayo Saka
Bukayo Saka
Bukayo Saka
Bukayo Saka
Bukayo Saka
Bukayo Saka
Bukayo Saka
Bukayo Saka
Bukayo Saka
Bukayo Saka
Bukayo Saka
Bukayo Saka
Bukayo Saka
Bukayo Saka
Bukayo Saka
Bukayo Saka
Bukayo Saka
Bukayo Saka
Bukayo Saka
Bukayo Saka
Bukayo Saka
Bukayo Saka
Bukayo Saka
Bukayo Saka
Bukayo Saka
Bukayo Saka
Bukayo Saka
Bukayo Saka
Bukayo Saka
Bukayo Saka
Bukayo Saka
Bukayo Saka
Bukayo Saka
Bukayo Saka
Bukayo Saka
Bukayo Saka
Bukayo Saka
Bukayo Saka
Bukayo Saka
Bukayo Saka
Bukayo Saka
Bukayo Saka
Bukayo Saka
Bukayo Saka
Bukayo Saka
Bukayo Saka
Bukayo Saka
Bukayo Saka
Bukayo Saka
Bukayo Saka
Bukayo Saka
Bukayo Saka
Bukayo Saka
Bukayo Saka
Bukayo Saka
Bukayo Saka
Bukayo Saka
Bukayo Saka
Bukayo Saka
Bukayo Saka
Bukayo Saka
Bukayo Saka
Bukayo Saka
Bukayo Saka
Bukayo Saka
Bukayo Saka
Bukayo Saka
Bukayo Saka
Bukayo Saka
Bukayo Saka
Bukayo Saka
Bukayo Saka
Bukayo Saka
Bukayo Saka
Bukayo Saka
Bukayo Saka
Bukayo Saka
Bukayo Saka
Bukayo Saka
Bukayo Saka
Bukayo Saka
Bukayo Saka
Bukayo Saka
Bukayo Saka
Bukayo Saka
Bukayo Saka
Bukayo Saka
Bukayo Saka
Bukayo Saka
Bukayo Saka
Bukayo Saka
Bukayo Saka
Bukayo Saka
Bukayo Saka
Bukayo Saka
Bukayo Saka
Bukayo Saka
Bukayo Saka
Bukayo Saka
Bukayo Saka
Bukayo Saka
Bukayo Saka
Bukayo Saka
Bukayo Saka
Bukayo Saka
Bukayo Saka
Bukayo Saka
Bukayo Saka
Bukayo Saka
Bukayo Saka
Bukayo Saka
Bukayo Saka
Bukayo Saka
Bukayo Saka
Bukayo Saka
Bukayo Saka
Bukayo Saka
Bukayo Saka
Bukayo Saka
Bukayo Saka
Bukayo Saka
Bukayo Saka
Bukayo Saka
Bukayo Saka
Bukayo Saka
Bukayo Saka
Bukayo Saka
Bukayo Saka
Bukayo Saka
Bukayo Saka
Bukayo Saka
Bukayo Saka
Bukayo Saka
Bukayo Saka
Bukayo Saka
Bukayo Saka
Bukayo Saka
Bukayo Saka
Bukayo Saka
Bukayo Saka
Bukayo Saka
Bukayo Saka
Bukayo Saka
Bukayo Saka
Bukayo Saka
Bukayo Saka
Bukayo Saka
Bukayo Saka
Bukayo Saka
Bukayo Saka
Bukayo Saka
Bukayo Saka
Bukayo Saka
Bukayo Saka
Bukayo Saka
Bukayo Saka
Bukayo Saka
Bukayo Saka
Bukayo Saka
Bukayo Saka
Bukayo Saka
Bukayo Saka
Bukayo Saka
Bukayo Saka
Bukayo Saka
Bukayo Saka
Bukayo Saka
Bukayo Saka
Bukayo Saka
Bukayo Saka
Bukayo Saka
Bukayo Saka
Bukayo Saka
Bukayo Saka
Bukayo Saka
Bukayo Saka
Bukayo Saka
Bukayo Saka
Bukayo Saka
Bukayo Saka
Bukayo Saka
Bukayo Saka
Bukayo Saka
Bukayo Saka
Bukayo Saka
Bukayo Saka
Bukayo Saka
Bukayo Saka
Bukayo Saka
Bukayo Saka
Bukayo Saka
Bukayo Saka
Bukayo Saka
Bukayo Saka
Bukayo Saka
Bukayo Saka
Bukayo Saka
Bukayo Saka
Bukayo Saka
Bukayo Saka
Bukayo Saka
Bukayo Saka
Bukayo Saka
Bukayo Saka
Bukayo Saka
Bukayo Saka
Bukayo Saka
Bukayo Saka
Bukayo Saka
Bukayo Saka
Bukayo Saka
Bukayo Saka
Bukayo Saka
Bukayo Saka
Bukayo Saka
Bukayo Saka
Bukayo Saka
Bukayo Saka
Bukayo Saka
Bukayo Saka
Bukayo Saka
Bukayo Saka
Bukayo Saka
Bukayo Saka
Bukayo Saka
Bukayo Saka
Bukayo Saka
Bukayo Saka
Bukayo Saka
Bukayo Saka
Bukayo Saka
Bukayo Saka
Bukayo Saka
Bukayo Saka
Bukayo Saka
Bukayo Saka
Bukayo Saka
Bukayo Saka
Bukayo Saka
Bukayo Saka
Bukayo Saka
Bukayo Saka
Bukayo Saka
Bukayo Saka
Bukayo Saka
Bukayo Saka
Bukayo Saka
Bukayo Saka
Bukayo Saka
Bukayo Saka
Bukayo Saka
Bukayo Saka
Bukayo Saka
Bukayo Saka
Bukayo Saka
Bukayo Saka
Bukayo Saka
Bukayo Saka
Bukayo Saka
Bukayo Saka
Bukayo Saka
Bukayo Saka
Bukayo Saka
Bukayo Saka
Bukayo Saka
Bukayo Saka
Bukayo Saka
Bukayo Saka
Bukayo Saka
Bukayo Saka
Bukayo Saka
Bukayo Saka
Bukayo Saka
Bukayo Saka
Bukayo Saka
Bukayo Saka
Bukayo Saka
Bukayo Saka
Bukayo Saka
Bukayo Saka
Bukayo Saka
Bukayo Saka
Bukayo Saka
Bukayo Saka
Bukayo Saka
Bukayo Saka
Bukayo Saka
Bukayo Saka
Bukayo Saka
Bukayo Saka
Bukayo Saka
Bukayo Saka
Bukayo Saka
Bukayo Saka
Bukayo Saka
Bukayo Saka
Bukayo Saka
Bukayo Saka
Bukayo Saka
Bukayo Saka
Bukayo Saka
Bukayo Saka
Bukayo Saka
Bukayo Saka
Bukayo Saka
Bukayo Saka
Bukayo Saka
Bukayo Saka
Bukayo Saka
Bukayo Saka
Bukayo Saka
Bukayo Saka
Bukayo Saka
Bukayo Saka
Bukayo Saka
Bukayo Saka
Bukayo Saka
Bukayo Saka
Bukayo Saka
Bukayo Saka
Bukayo Saka
Bukayo Saka
Bukayo Saka
Bukayo Saka
Bukayo Saka
Bukayo Saka
Bukayo Saka
Bukayo Saka
Bukayo Saka
Bukayo Saka
Bukayo Saka
Bukayo Saka
Bukayo Saka
Bukayo Saka
Bukayo Saka
Bukayo Saka
Bukayo Saka
Bukayo Saka
Bukayo Saka
Bukayo Saka
Bukayo Saka
Bukayo Saka
Bukayo Saka
Bukayo Saka
Bukayo Saka
Bukayo Saka
Bukayo Saka
Bukayo Saka
Bukayo Saka
Bukayo Saka
Bukayo Saka
Bukayo Saka
Bukayo Saka
Bukayo Saka
Bukayo Saka
Bukayo Saka
Bukayo Saka
Bukayo Saka
Bukayo Saka
Bukayo Saka
Bukayo Saka
Bukayo Saka
Bukayo Saka
Bukayo Saka
Bukayo Saka
Bukayo Saka
Bukayo Saka
Bukayo Saka
Bukayo Saka
Bukayo Saka
Bukayo Saka
Bukayo Saka
Bukayo Saka
Bukayo Saka
Bukayo Saka
Bukayo Saka
Bukayo Saka
Bukayo Saka
Bukayo Saka
Bukayo Saka
Bukayo Saka
Bukayo Saka
Bukayo Saka
Bukayo Saka
Bukayo Saka
Bukayo Saka
Bukayo Saka
Bukayo Saka
Bukayo Saka
Bukayo Saka
Bukayo Saka
Bukayo Saka
Bukayo Saka
Bukayo Saka
Bukayo Saka
Bukayo Saka
Bukayo Saka
Bukayo Saka
Bukayo Saka
Bukayo Saka
Bukayo Saka
Bukayo Saka
Bukayo Saka
Bukayo Saka
Bukayo Saka
Bukayo Saka
Bukayo Saka
Bukayo Saka
Bukayo Saka
Bukayo Saka
Bukayo Saka
Bukayo Saka
Bukayo Saka
Bukayo Saka
Bukayo Saka
Bukayo Saka
Bukayo Saka
Bukayo Saka
Bukayo Saka
Bukayo Saka
Bukayo Saka
Bukayo Saka
Bukayo Saka
Bukayo Saka
Bukayo Saka
Bukayo Saka
Bukayo Saka
Bukayo Saka
Bukayo Saka
Bukayo Saka
Bukayo Saka
Bukayo Saka
Bukayo Saka
Bukayo Saka
Bukayo Saka
Bukayo Saka
Bukayo Saka
Bukayo Saka
Bukayo Saka
Bukayo Saka
Bukayo Saka
Bukayo Saka
Bukayo Saka
Bukayo Saka
Bukayo Saka
Bukayo Saka
Bukayo Saka
Bukayo Saka
Bukayo Saka
Bukayo Saka
Bukayo Saka
Bukayo Saka
Bukayo Saka
Bukayo Saka
Bukayo Saka
Bukayo Saka
Bukayo Saka
Bukayo Saka
Bukayo Saka
Bukayo Saka
Bukayo Saka
Bukayo Saka
Bukayo Saka
Bukayo Saka
Bukayo Saka
Bukayo Saka
Bukayo Saka
Bukayo Saka
Bukayo Saka
Bukayo Saka
Bukayo Saka
Bukayo Saka
Bukayo Saka
Bukayo Saka
Bukayo Saka
Bukayo Saka
Bukayo Saka
Bukayo Saka
Bukayo Saka
Bukayo Saka
Bukayo Saka
Bukayo Saka
Bukayo Saka
Bukayo Saka
Bukayo Saka
Bukayo Saka
Bukayo Saka
Bukayo Saka
Bukayo Saka
Bukayo Saka
Bukayo Saka
Bukayo Saka
Bukayo Saka
Bukayo Saka
Bukayo Saka
Bukayo Saka
Bukayo Saka
Bukayo Saka
Bukayo Saka
Bukayo Saka
Bukayo Saka
Bukayo Saka
Bukayo Saka
Bukayo Saka
Bukayo Saka
Bukayo Saka
Bukayo Saka
Bukayo Saka
Bukayo Saka
Bukayo Saka
Bukayo Saka
Bukayo Saka
Bukayo Saka
Bukayo Saka
Bukayo Saka
Bukayo Saka
Bukayo Saka
Bukayo Saka
Bukayo Saka
Bukayo Saka
Bukayo Saka
Bukayo Saka
Bukayo Saka
Bukayo Saka
Bukayo Saka
Bukayo Saka
Bukayo Saka
Bukayo Saka
Bukayo Saka
Bukayo Saka
Bukayo Saka
Bukayo Saka
Bukayo Saka
Bukayo Saka
Bukayo Saka
Bukayo Saka
Bukayo Saka
Bukayo Saka
Bukayo Saka
Bukayo Saka
Bukayo Saka
Bukayo Saka
Bukayo Saka
Bukayo Saka
Bukayo Saka
Bukayo Saka
Bukayo Saka
Bukayo Saka
Bukayo Saka
Bukayo Saka
Bukayo Saka
Bukayo Saka
Bukayo Saka
Bukayo Saka
Bukayo Saka
Bukayo Saka
Bukayo Saka
Bukayo Saka
Bukayo Saka
Bukayo Saka
Bukayo Saka
Bukayo Saka
Bukayo Saka
Bukayo Saka
Bukayo Saka
Bukayo Saka
Bukayo Saka
Bukayo Saka
Bukayo Saka
Bukayo Saka
Bukayo Saka
Bukayo Saka
Bukayo Saka
Bukayo Saka
Bukayo Saka
Bukayo Saka
Bukayo Saka
Bukayo Saka
Bukayo Saka
Bukayo Saka
Bukayo Saka
Bukayo Saka
Bukayo Saka
Bukayo Saka
Bukayo Saka
Bukayo Saka
Bukayo Saka
Bukayo Saka
Bukayo Saka
Bukayo Saka
Bukayo Saka
Bukayo Saka
Bukayo Saka
Bukayo Saka
Bukayo Saka
Bukayo Saka
Bukayo Saka
Bukayo Saka
Bukayo Saka
Bukayo Saka
Bukayo Saka
Bukayo Saka
Bukayo Saka
Bukayo Saka
Bukayo Saka
Bukayo Saka
Bukayo Saka
Bukayo Saka
Bukayo Saka
Bukayo Saka
Bukayo Saka
Bukayo Saka
Bukayo Saka
Bukayo Saka
Bukayo Saka
Bukayo Saka
Bukayo Saka
Bukayo Saka
Bukayo Saka
Bukayo Saka
Bukayo Saka
Bukayo Saka
Bukayo Saka
Bukayo Saka
Bukayo Saka
Bukayo Saka
Bukayo Saka
Bukayo Saka
Bukayo Saka
Bukayo Saka
Bukayo Saka
Bukayo Saka
Bukayo Saka
Bukayo Saka
Bukayo Saka
Bukayo Saka
Bukayo Saka
Bukayo Saka
Bukayo Saka
Bukayo Saka
Bukayo Saka
Bukayo Saka
Bukayo Saka
Bukayo Saka
Bukayo Saka
Bukayo Saka
Bukayo Saka
Bukayo Saka
Bukayo Saka
Bukayo Saka
Bukayo Saka
Bukayo Saka
Bukayo Saka
Bukayo Saka
Bukayo Saka
Bukayo Saka
Bukayo Saka
Bukayo Saka
Bukayo Saka
Bukayo Saka
Bukayo Saka
Bukayo Saka
Bukayo Saka
Bukayo Saka
Bukayo Saka
Bukayo Saka
Bukayo Saka
Bukayo Saka
Bukayo Saka
Bukayo Saka
Bukayo Saka
Bukayo Saka
Bukayo Saka
Bukayo Saka
Bukayo Saka
Bukayo Saka
Bukayo Saka
Bukayo Saka
Bukayo Saka
Bukayo Saka
Bukayo Saka
Bukayo Saka
Bukayo Saka
Bukayo Saka
Bukayo Saka
Bukayo Saka
Bukayo Saka
Bukayo Saka
Bukayo Saka
Bukayo Saka
Bukayo Saka
Bukayo Saka
Bukayo Saka
Bukayo Saka
Bukayo Saka
Bukayo Saka
Bukayo Saka
Bukayo Saka
Bukayo Saka
Bukayo Saka
Bukayo Saka
Bukayo Saka
Bukayo Saka
Bukayo Saka
Bukayo Saka
Bukayo Saka
Bukayo Saka
Bukayo Saka
Bukayo Saka
Bukayo Saka
Bukayo Saka
Bukayo Saka
Bukayo Saka
Bukayo Saka
Bukayo Saka
Bukayo Saka
Bukayo Saka
Bukayo Saka
Bukayo Saka
Bukayo Saka
Bukayo Saka
Bukayo Saka
Bukayo Saka
Bukayo Saka
Bukayo Saka
Bukayo Saka
Bukayo Saka
Bukayo Saka
Bukayo Saka
Bukayo Saka
Bukayo Saka
Bukayo Saka
Bukayo Saka
Bukayo Saka
Bukayo Saka
Bukayo Saka
Bukayo Saka
Bukayo Saka
Bukayo Saka
Bukayo Saka
Bukayo Saka
Bukayo Saka
Bukayo Saka
Bukayo Saka
Bukayo Saka
Bukayo Saka
Bukayo Saka
Bukayo Saka
Bukayo Saka
Bukayo Saka
Bukayo Saka
Bukayo Saka
Bukayo Saka
Bukayo Saka
Bukayo Saka
Bukayo Saka
Bukayo Saka
Bukayo Saka
Bukayo Saka
Bukayo Saka
Bukayo Saka
Bukayo Saka
Bukayo Saka
Bukayo Saka
Bukayo Saka
Bukayo Saka
Bukayo Saka
Bukayo Saka
Bukayo Saka
Bukayo Saka
Bukayo Saka
Bukayo Saka
Bukayo Saka
Bukayo Saka
Bukayo Saka
Bukayo Saka
Bukayo Saka
Bukayo Saka
Bukayo Saka
Bukayo Saka
Bukayo Saka
Bukayo Saka
Bukayo Saka
Bukayo Saka
Bukayo Saka
Bukayo Saka
Bukayo Saka
Bukayo Saka
Bukayo Saka
Bukayo Saka
Bukayo Saka
Bukayo Saka
Bukayo Saka
Bukayo Saka
Bukayo Saka
Bukayo Saka
Bukayo Saka
Bukayo Saka
Bukayo Saka
Bukayo Saka
Bukayo Saka
Bukayo Saka
Bukayo Saka
Bukayo Saka
Bukayo Saka
Bukayo Saka
Bukayo Saka
Bukayo Saka
Bukayo Saka
Bukayo Saka
Bukayo Saka
Bukayo Saka
Bukayo Saka
Bukayo Saka
Bukayo Saka
Bukayo Saka
Bukayo Saka
Bukayo Saka
Bukayo Saka
Bukayo Saka
Bukayo Saka
Bukayo Saka
Bukayo Saka
Bukayo Saka
Bukayo Saka
Bukayo Saka
Bukayo Saka
Bukayo Saka
Bukayo Saka
Bukayo Saka
Bukayo Saka
Bukayo Saka
Bukayo Saka
Bukayo Saka
Bukayo Saka
Bukayo Saka
Bukayo Saka
Bukayo Saka
Bukayo Saka
Bukayo Saka
Bukayo Saka
Bukayo Saka
Bukayo Saka
Bukayo Saka
Bukayo Saka
Bukayo Saka
Bukayo Saka
Bukayo Saka
Bukayo Saka
Bukayo Saka
Bukayo Saka
Bukayo Saka
Bukayo Saka
Bukayo Saka
Bukayo Saka
Bukayo Saka
Bukayo Saka
Bukayo Saka
Bukayo Saka
Bukayo Saka
Bukayo Saka
Bukayo Saka
Bukayo Saka
Bukayo Saka
Bukayo Saka
Bukayo Saka
Bukayo Saka
Bukayo Saka
Bukayo Saka
Bukayo Saka
Bukayo Saka
Bukayo Saka
Bukayo Saka
Bukayo Saka
Bukayo Saka
Bukayo Saka
Bukayo Saka
Bukayo Saka
Bukayo Saka
Bukayo Saka
Bukayo Saka
Bukayo Saka
Bukayo Saka
Bukayo Saka
Bukayo Saka
Bukayo Saka
Bukayo Saka
Bukayo Saka
Bukayo Saka
Bukayo Saka
Bukayo Saka
Bukayo Saka
Bukayo Saka
Bukayo Saka
Bukayo Saka
Bukayo Saka
Bukayo Saka
Bukayo Saka
Bukayo Saka
Bukayo Saka
Bukayo Saka
Bukayo Saka
Bukayo Saka
Bukayo Saka
Bukayo Saka
Bukayo Saka
Bukayo Saka
Bukayo Saka
Bukayo Saka
Bukayo Saka
Bukayo Saka
Bukayo Saka
Bukayo Saka
Bukayo Saka
Bukayo Saka
Bukayo Saka
Bukayo Saka
Bukayo Saka
Bukayo Saka
Bukayo Saka
Bukayo Saka
Bukayo Saka
Bukayo Saka
Bukayo Saka
Bukayo Saka
Bukayo Saka
Bukayo Saka
Bukayo Saka
Bukayo Saka
Bukayo Saka
Bukayo Saka
Bukayo Saka
Bukayo Saka
Bukayo Saka
Bukayo Saka
Bukayo Saka
Bukayo Saka
Bukayo Saka
Bukayo Saka
Bukayo Saka
Bukayo Saka
Bukayo Saka
Bukayo Saka
Bukayo Saka
Bukayo Saka
Bukayo Saka
Bukayo Saka
Bukayo Saka
Bukayo Saka
Bukayo Saka
Bukayo Saka
Bukayo Saka
Bukayo Saka
Bukayo Saka
Bukayo Saka
Bukayo Saka
Bukayo Saka
Bukayo Saka
Bukayo Saka
Bukayo Saka
Bukayo Saka
Bukayo Saka
Bukayo Saka
Bukayo Saka
Bukayo Saka
Bukayo Saka
Bukayo Saka
Bukayo Saka
Bukayo Saka
Bukayo Saka
Bukayo Saka
Bukayo Saka
Bukayo Saka
Bukayo Saka
Bukayo Saka
Bukayo Saka
Bukayo Saka
Bukayo Saka
Bukayo Saka
Bukayo Saka
Bukayo Saka
Bukayo Saka
Bukayo Saka
Bukayo Saka
Bukayo Saka
Bukayo Saka
Bukayo Saka
Bukayo Saka
Bukayo Saka
Bukayo Saka
Bukayo Saka
Bukayo Saka
Bukayo Saka
Bukayo Saka
Bukayo Saka
Bukayo Saka
Bukayo Saka
Bukayo Saka
Bukayo Saka
Bukayo Saka
Bukayo Saka
Bukayo Saka
Bukayo Saka
Bukayo Saka
Bukayo Saka
Bukayo Saka
Bukayo Saka
Bukayo Saka
Bukayo Saka
Bukayo Saka
Bukayo Saka
Bukayo Saka
Bukayo Saka
Bukayo Saka
Bukayo Saka
Bukayo Saka
Bukayo Saka
Bukayo Saka
Bukayo Saka
Bukayo Saka
Bukayo Saka
Bukayo Saka
Bukayo Saka
Bukayo Saka
Bukayo Saka
Bukayo Saka
Bukayo Saka
Bukayo Saka
Bukayo Saka
Bukayo Saka
Bukayo Saka
Bukayo Saka
Bukayo Saka
Bukayo Saka
Bukayo Saka
Bukayo Saka
Bukayo Saka
Bukayo Saka
Bukayo Saka
Bukayo Saka
Bukayo Saka
Bukayo Saka
Bukayo Saka
Bukayo Saka
Bukayo Saka
Bukayo Saka
Bukayo Saka
Bukayo Saka
Bukayo Saka
Bukayo Saka
Bukayo Saka
Bukayo Saka
Bukayo Saka
Bukayo Saka
Bukayo Saka
Bukayo Saka
Bukayo Saka
Bukayo Saka
Bukayo Saka
Bukayo Saka
Bukayo Saka
Bukayo Saka
Bukayo Saka
Bukayo Saka
Bukayo Saka
Bukayo Saka
Bukayo Saka
Bukayo Saka
Bukayo Saka
Bukayo Saka
Bukayo Saka
Bukayo Saka
Bukayo Saka
Bukayo Saka
Bukayo Saka
Bukayo Saka
Bukayo Saka
Bukayo Saka
Bukayo Saka
Bukayo Saka
Bukayo Saka
Bukayo Saka
Bukayo Saka
Bukayo Saka
Bukayo Saka
Bukayo Saka
Bukayo Saka
Bukayo Saka
Bukayo Saka
Bukayo Saka
Bukayo Saka
Bukayo Saka
Bukayo Saka
Bukayo Saka
Bukayo Saka
Bukayo Saka
Bukayo Saka
Bukayo Saka
Bukayo Saka
Bukayo Saka
Bukayo Saka
Bukayo Saka
Bukayo Saka
Bukayo Saka
Bukayo Saka
Bukayo Saka
Bukayo Saka
Bukayo Saka
Bukayo Saka
Bukayo Saka
Bukayo Saka
Bukayo Saka
Bukayo Saka
Bukayo Saka
Bukayo Saka
Bukayo Saka
Bukayo Saka
Bukayo Saka
Bukayo Saka
Bukayo Saka
Bukayo Saka
Bukayo Saka
Bukayo Saka
Bukayo Saka
Bukayo Saka
Bukayo Saka
Bukayo Saka
Bukayo Saka
Bukayo Saka
Bukayo Saka
Bukayo Saka
Bukayo Saka
Bukayo Saka
Bukayo Saka
Bukayo Saka
Bukayo Saka
Bukayo Saka
Bukayo Saka
Bukayo Saka
Bukayo Saka
Bukayo Saka
Bukayo Saka
Bukayo Saka
Bukayo Saka
Bukayo Saka
Bukayo Saka
Bukayo Saka
Bukayo Saka
Bukayo Saka
Bukayo Saka
Bukayo Saka
Bukayo Saka
Bukayo Saka
Bukayo Saka
Bukayo Saka
Bukayo Saka
Bukayo Saka
Bukayo Saka
Bukayo Saka
Bukayo Saka
Bukayo Saka
Bukayo Saka
Bukayo Saka
Bukayo Saka
Bukayo Saka
Bukayo Saka
Bukayo Saka
Bukayo Saka
Bukayo Saka
Bukayo Saka
Bukayo Saka
Bukayo Saka
Bukayo Saka
Bukayo Saka
Bukayo Saka
Bukayo Saka
Bukayo Saka
Bukayo Saka
Bukayo Saka
Bukayo Saka
Bukayo Saka
Bukayo Saka
Bukayo Saka
Bukayo Saka
Bukayo Saka
Bukayo Saka
Bukayo Saka
Bukayo Saka
Bukayo Saka
Bukayo Saka
Bukayo Saka
Bukayo Saka
Bukayo Saka
Bukayo Saka
Bukayo Saka
Bukayo Saka
Bukayo Saka
Bukayo Saka
Bukayo Saka
Bukayo Saka
Bukayo Saka
Bukayo Saka
Bukayo Saka
Bukayo Saka
Bukayo Saka
Bukayo Saka
Bukayo Saka
Bukayo Saka
Bukayo Saka
Bukayo Saka
Bukayo Saka
Bukayo Saka
Bukayo Saka
Bukayo Saka
Bukayo Saka
Bukayo Saka
Bukayo Saka
Bukayo Saka
Bukayo Saka
Bukayo Saka
Bukayo Saka
Bukayo Saka
Bukayo Saka
Bukayo Saka
Bukayo Saka
Bukayo Saka
Bukayo Saka
Bukayo Saka
Bukayo Saka
Bukayo Saka
Bukayo Saka
Bukayo Saka
Bukayo Saka
Bukayo Saka
Bukayo Saka
Bukayo Saka
Bukayo Saka
Bukayo Saka
Bukayo Saka
Bukayo Saka
Bukayo Saka
Bukayo Saka
Bukayo Saka
Bukayo Saka
Bukayo Saka
Bukayo Saka
Bukayo Saka
Bukayo Saka
Bukayo Saka
Bukayo Saka
Bukayo Saka
Bukayo Saka
Bukayo Saka
Bukayo Saka
Bukayo Saka
Bukayo Saka
Bukayo Saka
Bukayo Saka
Bukayo Saka
Bukayo Saka
Bukayo Saka
Bukayo Saka
Bukayo Saka
Bukayo Saka
Bukayo Saka
Bukayo Saka
Bukayo Saka
Bukayo Saka
Bukayo Saka
Bukayo Saka
Bukayo Saka
Bukayo Saka
Bukayo Saka
Bukayo Saka
Bukayo Saka
Bukayo Saka
Bukayo Saka
Bukayo Saka
Bukayo Saka
Bukayo Saka
Bukayo Saka
Bukayo Saka
Bukayo Saka
Bukayo Saka
Bukayo Saka
Bukayo Saka
Bukayo Saka
Bukayo Saka
Bukayo Saka
Bukayo Saka
Bukayo Saka
Bukayo Saka
Bukayo Saka
Bukayo Saka
Bukayo Saka
Bukayo Saka
Bukayo Saka
Bukayo Saka
Bukayo Saka
Bukayo Saka
Bukayo Saka
Bukayo Saka
Bukayo Saka
Bukayo Saka
Bukayo Saka
Bukayo Saka
Bukayo Saka
Bukayo Saka
Bukayo Saka
Bukayo Saka
Bukayo Saka
Bukayo Saka
Bukayo Saka
Bukayo Saka
Bukayo Saka
Bukayo Saka
Bukayo Saka
Bukayo Saka
Bukayo Saka
Bukayo Saka
Bukayo Saka
Bukayo Saka
Bukayo Saka
Bukayo Saka
Bukayo Saka
Bukayo Saka
Bukayo Saka
Bukayo Saka
Bukayo Saka
Bukayo Saka
Bukayo Saka
Bukayo Saka
Bukayo Saka
Bukayo Saka
Bukayo Saka
Bukayo Saka
Bukayo Saka
Bukayo Saka
Bukayo Saka
Bukayo Saka
Bukayo Saka
Bukayo Saka
Bukayo Saka
Bukayo Saka
Bukayo Saka
Bukayo Saka
Bukayo Saka
Bukayo Saka
Bukayo Saka
Bukayo Saka
Bukayo Saka
Bukayo Saka
Bukayo Saka
Bukayo Saka
Bukayo Saka
Bukayo Saka
Bukayo Saka
Bukayo Saka
Bukayo Saka
Bukayo Saka
Bukayo Saka
Bukayo Saka
Bukayo Saka
Bukayo Saka
Bukayo Saka
Bukayo Saka
Bukayo Saka
Bukayo Saka
Bukayo Saka
Bukayo Saka
Bukayo Saka
Bukayo Saka
Bukayo Saka
Bukayo Saka
Bukayo Saka
Bukayo Saka
Bukayo Saka
Bukayo Saka
Bukayo Saka
Bukayo Saka
Bukayo Saka
Bukayo Saka
Bukayo Saka
Bukayo Saka
Bukayo Saka
Bukayo Saka
Bukayo Saka
Bukayo Saka
Bukayo Saka
Bukayo Saka
Bukayo Saka
Bukayo Saka
Bukayo Saka
Bukayo Saka
Bukayo Saka
Bukayo Saka
Bukayo Saka
Bukayo Saka
Bukayo Saka
Bukayo Saka
Bukayo Saka
Bukayo Saka
Bukayo Saka
Bukayo Saka
Bukayo Saka
Bukayo Saka
Bukayo Saka
Bukayo Saka
Bukayo Saka
Bukayo Saka
Bukayo Saka
Bukayo Saka
Bukayo Saka
Bukayo Saka
Bukayo Saka
Bukayo Saka
Bukayo Saka
Bukayo Saka
Bukayo Saka
Bukayo Saka
Bukayo Saka
Bukayo Saka
Bukayo Saka
Bukayo Saka
Bukayo Saka
Bukayo Saka
Bukayo Saka
Bukayo Saka
Bukayo Saka
Bukayo Saka
Bukayo Saka
Bukayo Saka
Bukayo Saka
Bukayo Saka
Bukayo Saka
Bukayo Saka
Bukayo Saka
Bukayo Saka
Bukayo Saka
Bukayo Saka
Bukayo Saka
Bukayo Saka
Bukayo Saka
Bukayo Saka
Bukayo Saka
Bukayo Saka
Bukayo Saka
Bukayo Saka
Bukayo Saka
Bukayo Saka
Bukayo Saka
Bukayo Saka
Bukayo Saka
Bukayo Saka
Bukayo Saka
Bukayo Saka
Bukayo Saka
Bukayo Saka
Bukayo Saka
Bukayo Saka
Bukayo Saka
Bukayo Saka
Bukayo Saka
Bukayo Saka
Bukayo Saka
Bukayo Saka
Bukayo Saka
Bukayo Saka
Bukayo Saka
Bukayo Saka
Bukayo Saka
Bukayo Saka
Bukayo Saka
Bukayo Saka
Bukayo Saka
Bukayo Saka
Bukayo Saka
Bukayo Saka
Bukayo Saka
Bukayo Saka
Bukayo Saka
Bukayo Saka
Bukayo Saka
Bukayo Saka
Bukayo Saka
Bukayo Saka
Bukayo Saka
Bukayo Saka
Bukayo Saka
Bukayo Saka
Bukayo Saka
Bukayo Saka
Bukayo Saka
Bukayo Saka
Bukayo Saka
Bukayo Saka
Bukayo Saka
Bukayo Saka
Bukayo Saka
Bukayo Saka
Bukayo Saka
Bukayo Saka
Bukayo Saka
Bukayo Saka
Bukayo Saka
Bukayo Saka
Bukayo Saka
Bukayo Saka
Bukayo Saka
Bukayo Saka
Bukayo Saka
Bukayo Saka
Bukayo Saka
Bukayo Saka
Bukayo Saka
Bukayo Saka
Bukayo Saka
Bukayo Saka
Bukayo Saka
Bukayo Saka
Bukayo Saka
Bukayo Saka
Bukayo Saka
Bukayo Saka
Bukayo Saka
Bukayo Saka
Bukayo Saka
Bukayo Saka
Bukayo Saka
Bukayo Saka
Bukayo Saka
Bukayo Saka
Bukayo Saka
Bukayo Saka
Bukayo Saka
Bukayo Saka
Bukayo Saka
Bukayo Saka
Bukayo Saka
Bukayo Saka
Bukayo Saka
Bukayo Saka
Bukayo Saka
Bukayo Saka
Bukayo Saka
Bukayo Saka
Bukayo Saka
Bukayo Saka
Bukayo Saka
Bukayo Saka
Bukayo Saka
Bukayo Saka
Bukayo Saka
Bukayo Saka
Bukayo Saka
Bukayo Saka
Bukayo Saka
Bukayo Saka
Bukayo Saka
Bukayo Saka
Bukayo Saka
Bukayo Saka
Bukayo Saka
Bukayo Saka
Bukayo Saka
Bukayo Saka
Bukayo Saka
Bukayo Saka
Bukayo Saka
Bukayo Saka
Bukayo Saka
Bukayo Saka
Bukayo Saka
Bukayo Saka
Bukayo Saka
Bukayo Saka
Bukayo Saka
Bukayo Saka
Bukayo Saka
Bukayo Saka
Bukayo Saka
Bukayo Saka
Bukayo Saka
Bukayo Saka
Bukayo Saka
Bukayo Saka
Bukayo Saka
Bukayo Saka
Bukayo Saka
Bukayo Saka
Bukayo Saka
Bukayo Saka
Bukayo Saka
Bukayo Saka
Bukayo Saka
Bukayo Saka
Bukayo Saka
Bukayo Saka
Bukayo Saka
Bukayo Saka
Bukayo Saka
Bukayo Saka
Bukayo Saka
Bukayo Saka
Bukayo Saka
Bukayo Saka
Bukayo Saka
Bukayo Saka
Bukayo Saka
Bukayo Saka
Bukayo Saka
Bukayo Saka
Bukayo Saka
Bukayo Saka
Bukayo Saka
Bukayo Saka
Bukayo Saka
Bukayo Saka
Bukayo Saka
Bukayo Saka
Bukayo Saka
Bukayo Saka
Bukayo Saka
Bukayo Saka
Bukayo Saka
Bukayo Saka
Bukayo Saka
Bukayo Saka
Bukayo Saka
Bukayo Saka
Bukayo Saka
Bukayo Saka
Bukayo Saka
Bukayo Saka
Bukayo Saka
Bukayo Saka
Bukayo Saka
Bukayo Saka
Bukayo Saka
Bukayo Saka
Bukayo Saka
Bukayo Saka
Bukayo Saka
Bukayo Saka
Bukayo Saka
Bukayo Saka
Bukayo Saka
Bukayo Saka
Bukayo Saka
Bukayo Saka
Bukayo Saka
Bukayo Saka
Bukayo Saka
Bukayo Saka
Bukayo Saka
Bukayo Saka
Bukayo Saka
Bukayo Saka
Bukayo Saka
Bukayo Saka
Bukayo Saka
Bukayo Saka
Bukayo Saka
Bukayo Saka
Bukayo Saka
Bukayo Saka
Bukayo Saka
Bukayo Saka
Bukayo Saka
Bukayo Saka
Bukayo Saka
Bukayo Saka
Bukayo Saka
Bukayo Saka
Bukayo Saka
Bukayo Saka
Bukayo Saka
Bukayo Saka
Bukayo Saka
Bukayo Saka
Bukayo Saka
Bukayo Saka
Bukayo Saka
Bukayo Saka
Bukayo Saka
Bukayo Saka
Bukayo Saka
Bukayo Saka
Bukayo Saka
Bukayo Saka
Bukayo Saka
Bukayo Saka
Bukayo Saka
Bukayo Saka
Bukayo Saka
Bukayo Saka
Bukayo Saka
Bukayo Saka
Bukayo Saka
Bukayo Saka
Bukayo Saka
Bukayo Saka
Bukayo Saka
Bukayo Saka
Bukayo Saka
Bukayo Saka
Bukayo Saka
Bukayo Saka
Bukayo Saka
Bukayo Saka
Bukayo Saka
Bukayo Saka
Bukayo Saka
Bukayo Saka
Bukayo Saka
Bukayo Saka
Bukayo Saka
Bukayo Saka
Bukayo Saka
Bukayo Saka
Bukayo Saka
Bukayo Saka
Bukayo Saka
Bukayo Saka
Bukayo Saka
Bukayo Saka
Bukayo Saka
Bukayo Saka
Bukayo Saka
Bukayo Saka
Bukayo Saka
Bukayo Saka
Bukayo Saka
Bukayo Saka
Bukayo Saka
Bukayo Saka
Bukayo Saka
Bukayo Saka
Bukayo Saka
Bukayo Saka
Bukayo Saka
Bukayo Saka
Bukayo Saka
Bukayo Saka
Bukayo Saka
Bukayo Saka
Bukayo Saka
Bukayo Saka
Bukayo Saka
Bukayo Saka
Bukayo Saka
Bukayo Saka
Bukayo Saka
Bukayo Saka
Bukayo Saka
Bukayo Saka
Bukayo Saka
Bukayo Saka
Bukayo Saka
Bukayo Saka
Bukayo Saka
Bukayo Saka
Bukayo Saka
Bukayo Saka
Bukayo Saka
Bukayo Saka
Bukayo Saka
Bukayo Saka
Bukayo Saka
Bukayo Saka
Bukayo Saka
Bukayo Saka
Bukayo Saka
Bukayo Saka
Bukayo Saka
Bukayo Saka
Bukayo Saka
Bukayo Saka
Bukayo Saka
Bukayo Saka
Bukayo Saka
Bukayo Saka
Bukayo Saka
Bukayo Saka
Bukayo Saka
Bukayo Saka
Bukayo Saka
Bukayo Saka
Bukayo Saka
Bukayo Saka
Bukayo Saka
Bukayo Saka
Bukayo Saka
Bukayo Saka
Bukayo Saka
Bukayo Saka
Bukayo Saka
Bukayo Saka
Bukayo Saka
Bukayo Saka
Bukayo Saka
Bukayo Saka
Bukayo Saka
Bukayo Saka
Bukayo Saka
Bukayo Saka
Bukayo Saka
Bukayo Saka
Bukayo Saka
Bukayo Saka
Bukayo Saka
Bukayo Saka
Bukayo Saka
Bukayo Saka
Bukayo Saka
Bukayo Saka
Bukayo Saka
Bukayo Saka
Bukayo Saka
Bukayo Saka
Bukayo Saka
Bukayo Saka
Bukayo Saka
Bukayo Saka
Bukayo Saka
Bukayo Saka
Bukayo Saka
Bukayo Saka
Bukayo Saka
Bukayo Saka
Bukayo Saka
Bukayo Saka
Bukayo Saka
Bukayo Saka
Bukayo Saka
Bukayo Saka
Bukayo Saka
Bukayo Saka
Bukayo Saka
Bukayo Saka
Bukayo Saka
Bukayo Saka
Bukayo Saka
Bukayo Saka
Bukayo Saka
Bukayo Saka
Bukayo Saka
Bukayo Saka
Bukayo Saka
Bukayo Saka
Bukayo Saka
Bukayo Saka
Bukayo Saka
Bukayo Saka
Bukayo Saka
Bukayo Saka
Bukayo Saka
Bukayo Saka
Bukayo Saka
Bukayo Saka
Bukayo Saka
Bukayo Saka
Bukayo Saka
Bukayo Saka
Bukayo Saka
Bukayo Saka
Bukayo Saka
Bukayo Saka
Bukayo Saka
Bukayo Saka
Bukayo Saka
Bukayo Saka
Bukayo Saka
Bukayo Saka
Bukayo Saka
Bukayo Saka
Bukayo Saka
Bukayo Saka
Bukayo Saka
Bukayo Saka
Bukayo Saka
Bukayo Saka
Bukayo Saka
Bukayo Saka
Bukayo Saka
Bukayo Saka
Bukayo Saka
Bukayo Saka
Bukayo Saka
Bukayo Saka
Bukayo Saka
Bukayo Saka
Bukayo Saka
Bukayo Saka
Bukayo Saka
Bukayo Saka
Bukayo Saka
Bukayo Saka
Bukayo Saka
Bukayo Saka
Bukayo Saka
Bukayo Saka
Bukayo Saka
Bukayo Saka
Bukayo Saka
Bukayo Saka
Bukayo Saka
Bukayo Saka
Bukayo Saka
Bukayo Saka
Bukayo Saka
Bukayo Saka
Bukayo Saka
Bukayo Saka
Bukayo Saka
Bukayo Saka
Bukayo Saka
Bukayo Saka
Bukayo Saka
Bukayo Saka
Bukayo Saka
Bukayo Saka
Bukayo Saka
Bukayo Saka
Bukayo Saka
Bukayo Saka
Bukayo Saka
Bukayo Saka
Bukayo Saka
Bukayo Saka
Bukayo Saka
Bukayo Saka
Bukayo Saka
Bukayo Saka
Bukayo Saka
Bukayo Saka
Bukayo Saka
Bukayo Saka
Bukayo Saka
Bukayo Saka
Bukayo Saka
Bukayo Saka
Bukayo Saka
Bukayo Saka
Bukayo Saka
Bukayo Saka
Bukayo Saka
Bukayo Saka
Bukayo Saka
Bukayo Saka
Bukayo Saka
Bukayo Saka
Bukayo Saka
Bukayo Saka
Bukayo Saka
Bukayo Saka
Bukayo Saka
Bukayo Saka
Bukayo Saka
Bukayo Saka
Bukayo Saka
Bukayo Saka
Bukayo Saka
Bukayo Saka
Bukayo Saka
Bukayo Saka
Bukayo Saka
Bukayo Saka
Bukayo Saka
Bukayo Saka
Bukayo Saka
Bukayo Saka
Bukayo Saka
Bukayo Saka
Bukayo Saka
Bukayo Saka
Bukayo Saka
Bukayo Saka
Bukayo Saka
Bukayo Saka
Bukayo Saka
Bukayo Saka
Bukayo Saka
Bukayo Saka
Bukayo Saka
Bukayo Saka
Bukayo Saka
Bukayo Saka
Bukayo Saka
Bukayo Saka
Bukayo Saka
Bukayo Saka
Bukayo Saka
Bukayo Saka
Bukayo Saka
Bukayo Saka
Bukayo Saka
Bukayo Saka
Bukayo Saka
Bukayo Saka
Bukayo Saka
Bukayo Saka
Bukayo Saka
Bukayo Saka
Bukayo Saka
Bukayo Saka
Bukayo Saka
Bukayo Saka
Bukayo Saka
Bukayo Saka
Bukayo Saka
Bukayo Saka
Bukayo Saka
Bukayo Saka
Bukayo Saka
Bukayo Saka
Bukayo Saka
Bukayo Saka
Bukayo Saka
Bukayo Saka
Bukayo Saka
Bukayo Saka
Bukayo Saka
Bukayo Saka
Bukayo Saka
Bukayo Saka
Bukayo Saka
Bukayo Saka
Bukayo Saka
Bukayo Saka
Bukayo Saka
Bukayo Saka
Bukayo Saka
Bukayo Saka
Bukayo Saka
Bukayo Saka
Bukayo Saka
Bukayo Saka
Bukayo Saka
Bukayo Saka
Bukayo Saka
Bukayo Saka
Bukayo Saka
Bukayo Saka
Bukayo Saka
Bukayo Saka
Bukayo Saka
Bukayo Saka
Bukayo Saka
Bukayo Saka
Bukayo Saka
Bukayo Saka
Bukayo Saka
Bukayo Saka
Bukayo Saka
Bukayo Saka
Bukayo Saka
Bukayo Saka
Bukayo Saka
Bukayo Saka
Bukayo Saka
Bukayo Saka
Bukayo Saka
Bukayo Saka
Bukayo Saka
Bukayo Saka
Bukayo Saka
Bukayo Saka
Bukayo Saka
Bukayo Saka
Bukayo Saka
Bukayo Saka
Bukayo Saka
Bukayo Saka
Bukayo Saka
Bukayo Saka
Bukayo Saka
Bukayo Saka
Bukayo Saka
Bukayo Saka
Bukayo Saka
Bukayo Saka
Bukayo Saka
Bukayo Saka
Bukayo Saka
Bukayo Saka
Bukayo Saka
Bukayo Saka
Bukayo Saka
Bukayo Saka
Bukayo Saka
Bukayo Saka
Bukayo Saka
Bukayo Saka
Bukayo Saka
Bukayo Saka
Bukayo Saka
Bukayo Saka
Bukayo Saka
Bukayo Saka
Bukayo Saka
Bukayo Saka
Bukayo Saka
Bukayo Saka
Bukayo Saka
Bukayo Saka
Bukayo Saka
Bukayo Saka
Bukayo Saka
Bukayo Saka
Bukayo Saka
Bukayo Saka
Bukayo Saka
Bukayo Saka
Bukayo Saka
Bukayo Saka
Bukayo Saka
Bukayo Saka
Bukayo Saka
Bukayo Saka
Bukayo Saka
Bukayo Saka
Bukayo Saka
Bukayo Saka
Bukayo Saka
Bukayo Saka
Bukayo Saka
Bukayo Saka
Bukayo Saka
Bukayo Saka
Bukayo Saka
Bukayo Saka
Bukayo Saka
Bukayo Saka
Bukayo Saka
Bukayo Saka
Bukayo Saka
Bukayo Saka
Bukayo Saka
Bukayo Saka
Bukayo Saka
Bukayo Saka
Bukayo Saka
Bukayo Saka
Bukayo Saka
Bukayo Saka
Bukayo Saka
Bukayo Saka
Bukayo Saka
Bukayo Saka
Bukayo Saka
Bukayo Saka
Bukayo Saka
Bukayo Saka
Bukayo Saka
Bukayo Saka
Bukayo Saka
Bukayo Saka
Bukayo Saka
Bukayo Saka
Bukayo Saka
Bukayo Saka
Bukayo Saka
Bukayo Saka
Bukayo Saka
Bukayo Saka
Bukayo Saka
Bukayo Saka
Bukayo Saka
Bukayo Saka
Bukayo Saka
Bukayo Saka
Bukayo Saka
Bukayo Saka
Bukayo Saka
Bukayo Saka
Bukayo Saka
Bukayo Saka
Bukayo Saka
Bukayo Saka
Bukayo Saka
Bukayo Saka
Bukayo Saka
Bukayo Saka
Bukayo Saka
Bukayo Saka
Bukayo Saka
Bukayo Saka
Bukayo Saka
Bukayo Saka
Bukayo Saka
Bukayo Saka
Bukayo Saka
Bukayo Saka
Bukayo Saka
Bukayo Saka
Bukayo Saka
Bukayo Saka
Bukayo Saka
Bukayo Saka
Bukayo Saka
Bukayo Saka
Bukayo Saka
Bukayo Saka
Bukayo Saka
Bukayo Saka
Bukayo Saka
Bukayo Saka
Bukayo Saka
Bukayo Saka
Bukayo Saka
Bukayo Saka
Bukayo Saka
Bukayo Saka
Bukayo Saka
Bukayo Saka
Bukayo Saka
Bukayo Saka
Bukayo Saka
Bukayo Saka
Bukayo Saka
Bukayo Saka
Bukayo Saka
Bukayo Saka
Bukayo Saka
Bukayo Saka
Bukayo Saka
Bukayo Saka
Bukayo Saka
Bukayo Saka
Bukayo Saka
Bukayo Saka
Bukayo Saka
Bukayo Saka
Bukayo Saka
Bukayo Saka
Bukayo Saka
Bukayo Saka
Bukayo Saka
Bukayo Saka
Bukayo Saka
Bukayo Saka
Bukayo Saka
Bukayo Saka
Bukayo Saka
Bukayo Saka
Bukayo Saka
Bukayo Saka
Bukayo Saka
Bukayo Saka
Bukayo Saka
Bukayo Saka
Bukayo Saka
Bukayo Saka
Bukayo Saka
Bukayo Saka
Bukayo Saka
Bukayo Saka
Bukayo Saka
Bukayo Saka
Bukayo Saka
Bukayo Saka
Bukayo Saka
Bukayo Saka
Bukayo Saka
Bukayo Saka
Bukayo Saka
Bukayo Saka
Bukayo Saka
Bukayo Saka
Bukayo Saka
Bukayo Saka
Bukayo Saka
Bukayo Saka
Bukayo Saka
Bukayo Saka
Bukayo Saka
Bukayo Saka
Bukayo Saka
Bukayo Saka
Bukayo Saka
Bukayo Saka
Bukayo Saka
Bukayo Saka
Bukayo Saka
Bukayo Saka
Bukayo Saka
Bukayo Saka
Bukayo Saka
Bukayo Saka
Bukayo Saka
Bukayo Saka
Bukayo Saka
Bukayo Saka
Bukayo Saka
Bukayo Saka
Bukayo Saka
Bukayo Saka
Bukayo Saka
Bukayo Saka
Bukayo Saka
Bukayo Saka
Bukayo Saka
Bukayo Saka
Bukayo Saka
Bukayo Saka
Bukayo Saka
Bukayo Saka
Bukayo Saka
Bukayo Saka
Bukayo Saka
Bukayo Saka
Bukayo Saka
Bukayo Saka
Bukayo Saka
Bukayo Saka
Bukayo Saka
Bukayo Saka
Bukayo Saka
Bukayo Saka
Bukayo Saka
Bukayo Saka
Bukayo Saka
Bukayo Saka
Bukayo Saka
Bukayo Saka
Bukayo Saka
Bukayo Saka
Bukayo Saka
Bukayo Saka
Bukayo Saka
Bukayo Saka
Bukayo Saka
Bukayo Saka
Bukayo Saka
Bukayo Saka
Bukayo Saka
Bukayo Saka
Bukayo Saka
Bukayo Saka
Bukayo Saka
Bukayo Saka
Bukayo Saka
Bukayo Saka
Bukayo Saka
Bukayo Saka
Bukayo Saka
Bukayo Saka
Bukayo Saka
Bukayo Saka
Bukayo Saka
Bukayo Saka
Bukayo Saka
Bukayo Saka
Bukayo Saka
Bukayo Saka
Bukayo Saka
Bukayo Saka
Bukayo Saka
Bukayo Saka
Bukayo Saka
Bukayo Saka
Bukayo Saka
Bukayo Saka
Bukayo Saka
Bukayo Saka
Bukayo Saka
Bukayo Saka
Bukayo Saka
Bukayo Saka
Bukayo Saka
Bukayo Saka
Bukayo Saka
Bukayo Saka
Bukayo Saka
Bukayo Saka
Bukayo Saka
Bukayo Saka
Bukayo Saka
Bukayo Saka
Bukayo Saka
Bukayo Saka
Bukayo Saka
Bukayo Saka
Bukayo Saka
Bukayo Saka
Bukayo Saka
Bukayo Saka
Bukayo Saka
Bukayo Saka
Bukayo Saka
Bukayo Saka
Bukayo Saka
Bukayo Saka
Bukayo Saka
Bukayo Saka
Bukayo Saka
Bukayo Saka
Bukayo Saka
Bukayo Saka
Bukayo Saka
Bukayo Saka
Bukayo Saka
Bukayo Saka
Bukayo Saka
Bukayo Saka
Bukayo Saka
Bukayo Saka
Bukayo Saka
Bukayo Saka
Bukayo Saka
Bukayo Saka
Bukayo Saka
Bukayo Saka
Bukayo Saka
Bukayo Saka
Bukayo Saka
Bukayo Saka
Bukayo Saka
Bukayo Saka
Bukayo Saka
Bukayo Saka
Bukayo Saka
Bukayo Saka
Bukayo Saka
Bukayo Saka
Bukayo Saka
Bukayo Saka
Bukayo Saka
Bukayo Saka
Bukayo Saka
Bukayo Saka
Bukayo Saka
Bukayo Saka
Bukayo Saka
Bukayo Saka
Bukayo Saka
Bukayo Saka
Bukayo Saka
Bukayo Saka
Bukayo Saka
Bukayo Saka
Bukayo Saka
Bukayo Saka
Bukayo Saka
Bukayo Saka
Bukayo Saka
Bukayo Saka
Bukayo Saka
Bukayo Saka
Bukayo Saka
Bukayo Saka
Bukayo Saka
Bukayo Saka
Bukayo Saka
Bukayo Saka
Bukayo Saka
Bukayo Saka
Bukayo Saka
Bukayo Saka
Bukayo Saka
Bukayo Saka
Bukayo Saka
Bukayo Saka
Bukayo Saka
Bukayo Saka
Bukayo Saka
Bukayo Saka
Bukayo Saka
Bukayo Saka
Bukayo Saka
Bukayo Saka
Bukayo Saka
Bukayo Saka
Bukayo Saka
Bukayo Saka
Bukayo Saka
Bukayo Saka
Bukayo Saka
Bukayo Saka
Bukayo Saka
Bukayo Saka
Bukayo Saka
Bukayo Saka
Bukayo Saka
Bukayo Saka
Bukayo Saka
Bukayo Saka
Bukayo Saka
Bukayo Saka
Bukayo Saka
Bukayo Saka
Bukayo Saka
Bukayo Saka
Bukayo Saka
Bukayo Saka
Bukayo Saka
Bukayo Saka
Bukayo Saka
Bukayo Saka
Bukayo Saka
Bukayo Saka
Bukayo Saka
Bukayo Saka
Bukayo Saka
Bukayo Saka
Bukayo Saka
Bukayo Saka
Bukayo Saka
Bukayo Saka
Bukayo Saka
Bukayo Saka
Bukayo Saka
Bukayo Saka
Bukayo Saka
Bukayo Saka
Bukayo Saka
Bukayo Saka
Bukayo Saka
Bukayo Saka
Bukayo Saka
Bukayo Saka
Bukayo Saka
Bukayo Saka
Bukayo Saka
Bukayo Saka
Bukayo Saka
Bukayo Saka
Bukayo Saka
Bukayo Saka
Bukayo Saka
Bukayo Saka
Bukayo Saka
Bukayo Saka
Bukayo Saka
Bukayo Saka
Bukayo Saka
Bukayo Saka
Bukayo Saka
Bukayo Saka
Bukayo Saka
Bukayo Saka
Bukayo Saka
Bukayo Saka
Bukayo Saka
Bukayo Saka
Bukayo Saka
Bukayo Saka
Bukayo Saka
Bukayo Saka
Bukayo Saka
Bukayo Saka
Bukayo Saka
Bukayo Saka
Bukayo Saka
Bukayo Saka
Bukayo Saka
Bukayo Saka
Bukayo Saka
Bukayo Saka
Bukayo Saka
Bukayo Saka
Bukayo Saka
Bukayo Saka
Bukayo Saka
Bukayo Saka
Bukayo Saka
Bukayo Saka
Bukayo Saka
Bukayo Saka
Bukayo Saka
Bukayo Saka
Bukayo Saka
Bukayo Saka
Bukayo Saka
Bukayo Saka
Bukayo Saka
Bukayo Saka
Bukayo Saka
Bukayo Saka
Bukayo Saka
Bukayo Saka
Bukayo Saka
Bukayo Saka
Bukayo Saka
Bukayo Saka
Bukayo Saka
Bukayo Saka
Bukayo Saka
Bukayo Saka
Bukayo Saka
Bukayo Saka
Bukayo Saka
Bukayo Saka
Bukayo Saka
Bukayo Saka
Bukayo Saka
Bukayo Saka
Bukayo Saka
Bukayo Saka
Bukayo Saka
Bukayo Saka

val_sizes
5624: 53 5625: 50 5626: 59 5627: 61 5628: 66 5629: 112 5630: 50 5631: 77 5632: 97 5633: 70 5634: 82 5635: 105 5636: 63 5637: 79 5638: 62 5639: 78 5640: 103 5641: 84 5642: 65 5643: 64 5644: 58 5645: 94 5646: 81 5647: 73 5648: 93 5649: 77 5650: 93 5651: 108 5652: 55 5653: 75 5654: 87 5655: 58 5656: 73 5657: 94 5658: 70 5659: 88 5660: 92 5661: 68 5662: 50 5663: 76 5664: 89 5665: 80 5666: 66 5667: 100 5668: 109 5669: 78 5670: 66 5671: 98 5672: 110 5673: 79 5674: 110 5675: 56 5676: 60 5677: 78 5678: 77 5679: 101 5680: 106 5681: 57 5682: 95 5683: 111 5684: 81 5685: 67 5686: 55 5687: 102 5688: 112 5689: 73 5690: 75 5691: 89 5692: 91 5693: 76 5694: 52 5695: 65 5696: 104 5697: 67 5698: 53 5699: 101 5700: 95 5701: 67 5702: 84 5703: 93 5704: 94 5705: 81 5706: 97 5707: 104 5708: 110 5709: 61 5710: 90 5711: 101 5712: 66 5713: 72 5714: 97 5715: 95 5716: 88 5717: 102 5718: 83 5719: 87 5720: 62 5721: 108 5722: 63 5723: 102 5724: 69 5725: 63 5726: 54 5727: 61 5728: 80 5729: 57 5730: 110 5731: 61 5732: 72 5733: 81 5734: 102 5735: 53 5736: 110 5737: 86 5738: 105 5739: 107 5740: 95 5741: 83 5742: 93 5743: 109 5744: 103 5745: 78 5746: 92 5747: 78 5748: 67 5749: 62 5750: 50 5751: 78 5752: 55 5753: 61 5754: 65 5755: 75 5756: 75 5757: 67 5758: 84 5759: 103 5760: 73 5761: 81 5762: 51 5763: 95 5764: 110 5765: 103 5766: 99 5767: 107 5768: 74 5769: 91 5770: 100 5771: 54 5772: 59 5773: 80 5774: 51 5775: 111 5776: 106 5777: 91 5778: 74 5779: 59 5780: 101 5781: 75 5782: 87 5783: 106 5784: 84 5785: 100 5786: 66 5787: 107 5788: 54 5789: 98 5790: 98 5791: 77 5792: 66 5793: 97 5794: 60 5795: 61 5796: 86 5797: 107 5798: 54 5799: 110 5800: 85 5801: 102 5802: 50 5803: 93 5804: 67 5805: 51 5806: 91 5807: 61 5808: 90 5809: 52 5810: 70 5811: 78 5812: 75 5813: 105 5814: 69 5815: 110 5816: 92 5817: 86 5818: 102 5819: 94 5820: 71 5821: 87 5822: 59 5823: 86 5824: 72 5825: 67 5826: 95 5827: 108 5828: 61 5829: 99 5830: 103 5831: 94 5832: 88 5833: 103 5834: 72 5835: 106 5836: 102 5837: 50 5838: 52 5839: 79 5840: 51 5841: 72 5842: 107 5843: 74 5844: 62 5845: 62 5846: 69 5847: 104 5848: 98 5849: 59 5850: 85 5851: 54 5852: 94 5853: 92 5854: 88 5855: 53 5856: 109 5857: 71 5858: 109 5859: 55 5860: 55 5861: 98 5862: 98 5863: 92 5864: 88 5865: 57 5866: 83 5867: 78 5868: 56 5869: 85 5870: 105 5871: 57 5872: 105 5873: 98 5874: 81 5875: 54 5876: 110 5877: 99 5878: 106 5879: 95 5880: 108 5881: 76 5882: 97 5883: 89 5884: 54 5885: 73 5886: 91 5887: 111 5888: 92 5889: 85 5890: 54 5891: 95 5892: 70 5893: 100 5894: 74 5895: 109 5896: 107 5897: 105 5898: 72 5899: 50 5900: 77 5901: 64 5902: 57 5903: 67 5904: 110 5905: 87 5906: 69 5907: 107 5908: 73 5909: 60 5910: 89 5911: 66 5912: 87 5913: 72 5914: 105 5915: 91 5916: 93 5917: 81 5918: 87 5919: 70 5920: 54 5921: 91 5922: 52 5923: 74 5924: 78 5925: 75 5926: 68 5927: 71 5928: 67 5929: 88 5930: 71 5931: 93 5932: 101 5933: 77 5934: 110 5935: 98 5936: 112 5937: 67 5938: 93 5939: 70 5940: 77 5941: 67 5942: 86 5943: 112 5944: 89 5945: 76 5946: 88 5947: 67 5948: 106 5949: 63 5950: 87 5951: 110 5952: 102 5953: 90 5954: 69 5955: 66 5956: 52 5957: 86 5958: 87 5959: 69 5960: 61 5961: 106 5962: 112 5963: 110 5964: 68 5965: 108 5966: 96 5967: 67 5968: 60 5969: 74 5970: 85 5971: 85 5972: 91 5973: 58 5974: 85 5975: 66 5976: 83 5977: 58 5978: 83 5979: 76 5980: 71 5981: 58 5982: 71 5983: 61 5984: 96 5985: 90 5986: 75 5987: 98 5988: 63 5989: 112 5990: 52 5991: 75 5992: 103 5993: 50 5994: 70 5995: 59 5996: 108 5997: 53 5998: 76 5999: 55 6000: 77 6001: 112 6002: 90 6003: 54 6004: 55 6005: 60 6006: 70 6007: 86 6008: 69 6009: 101 6010: 112 6011: 88 6012: 109 6013: 68 6014: 97 6015: 90 6016: 109 6017: 59 6018: 75 6019: 59 6020: 56 6021: 76 6022: 82 6023: 110 6024: 76 6025: 101 6026: 54 6027: 69 6028: 104 6029: 78 6030: 72 6031: 67 6032: 75 6033: 110 6034: 71 6035: 81 6036: 58 6037: 89 6038: 52 6039: 75 6040: 77 6041: 50 6042: 111 6043: 72 6044: 68 6045: 96 6046: 112 6047: 64 6048: 103 6049: 73 6050: 72 6051: 108 6052: 99 6053: 102 6054: 103 6055: 60 6056: 90 6057: 107 6058: 79 6059: 80 6060: 72 6061: 99 6062: 97 6063: 98 6064: 96 6065: 53 6066: 64 6067: 104 6068: 92 6069: 66 6070: 64 6071: 54 6072: 64 6073: 63 6074: 76 6075: 83 6076: 107 6077: 74 6078: 95 6079: 97 6080: 97 6081: 52 6082: 90 6083: 81 6084: 103 6085: 80 6086: 89 6087: 78 6088: 74 6089: 55 6090: 106 6091: 97 6092: 104 6093: 88 6094: 80 6095: 85 6096: 91 6097: 92 6098: 75 6099: 68 6100: 106 6101: 89 6102: 73 6103: 58 6104: 100 6105: 97 6106: 91 6107: 94 6108: 58 6109: 71 6110: 77 6111: 103 6112: 72 6113: 54 6114: 71 6115: 62 6116: 83 6117: 110 6118: 88 6119: 107 6120: 50 6121: 82 6122: 89 6123: 102 6124: 57 6125: 54 6126: 75 6127: 97 6128: 96 6129: 100 6130: 52 6131: 90 6132: 74 6133: 7
[...]
82: 80 7883: 54 7884: 107 7885: 82 7886: 83 7887: 84 7888: 112 7889: 78 7890: 52 7891: 67 7892: 87 7893: 103 7894: 104 7895: 94 7896: 92 7897: 105 7898: 63 7899: 66 7900: 85 7901: 61 7902: 67 7903: 56 7904: 53 7905: 68 7906: 51 7907: 78 7908: 106 7909: 54 7910: 69 7911: 97 7912: 68 7913: 98 7914: 99 7915: 60 7916: 67 7917: 67 7918: 94 7919: 65 7920: 93 7921: 95 7922: 80 7923: 67 7924: 85 7925: 69 7926: 109 7927: 62 7928: 61 7929: 59 7930: 78 7931: 95 7932: 70 7933: 93 7934: 99 7935: 73 7936: 110 7937: 98 7938: 99 7939: 103 7940: 102 7941: 54 7942: 85 7943: 57 7944: 102 7945: 71 7946: 68 7947: 56 7948: 86 7949: 112 7950: 69 7951: 66 7952: 92 7953: 99 7954: 83 7955: 64 7956: 55 7957: 77 7958: 76 7959: 65 7960: 86 7961: 105 7962: 110 7963: 106 7964: 83 7965: 94 7966: 64 7967: 80 7968: 79 7969: 50 7970: 70 7971: 68 7972: 54 7973: 105 7974: 75 7975: 104 7976: 61 7977: 93 7978: 109 7979: 95 7980: 91 7981: 65 7982: 111 7983: 70 7984: 52 7985: 79 7986: 83 7987: 55 7988: 106 7989: 107 7990: 70 7991: 79 7992: 97 7993: 65 7994: 70 7995: 68 7996: 109 7997: 84 7998: 98 7999: 75 8000: 83 8001: 56 8002: 91 8003: 85 8004: 109 8005: 52 8006: 77 8007: 56 8008: 93 8009: 71 8010: 101 8011: 71 8012: 86 8013: 100 8014: 90 8015: 86 8016: 64 8017: 58 8018: 92 8019: 56 8020: 52 8021: 112 8022: 83 8023: 100 8024: 65 8025: 104 8026: 55 8027: 59 8028: 73 8029: 101 8030: 83 8031: 106 8032: 107 8033: 61 8034: 77 8035: 102 8036: 63 8037: 102 8038: 108 8039: 105 8040: 60 8041: 96 8042: 61 8043: 96 8044: 81 8045: 101 8046: 70 8047: 96 8048: 107 8049: 112 8050: 100 8051: 110 8052: 109 8053: 70 8054: 95 8055: 61 8056: 59 8057: 98 8058: 69 8059: 83 8060: 86 8061: 102 8062: 74 8063: 79 8064: 111 8065: 101 8066: 68 8067: 60 8068: 90 8069: 63 8070: 52 8071: 100 8072: 107 8073: 63 8074: 82 8075: 76 8076: 50 8077: 102 8078: 57 8079: 107 8080: 99 8081: 107 8082: 102 8083: 95 8084: 64 8085: 82 8086: 105 8087: 72 8088: 67 8089: 61 8090: 105 8091: 104 8092: 50 8093: 66 8094: 70 8095: 109 8096: 53 8097: 86 8098: 56 8099: 93 8100: 99 8101: 58 8102: 79 8103: 93 8104: 70 8105: 111 8106: 54 8107: 70 8108: 98 8109: 61 8110: 62 8111: 84 8112: 53 8113: 52 8114: 64 8115: 66 8116: 84 8117: 56 8118: 88 8119: 100 8120: 65 8121: 80 8122: 91 8123: 63 8124: 94 8125: 109 8126: 60 8127: 97 8128: 80 8129: 66 8130: 78 8131: 66 8132: 73 8133: 105 8134: 107 8135: 93 8136: 101 8137: 112 8138: 111 8139: 86 8140: 58 8141: 60 8142: 55 8143: 62 8144: 62 8145: 69 8146: 78 8147: 95 8148: 74 8149: 53 8150: 82 8151: 89 8152: 81 8153: 58 8154: 103 8155: 62 8156: 52 8157: 111 8158: 110 8159: 82 8160: 62 8161: 73 8162: 96 8163: 85 8164: 65 8165: 90 8166: 63 8167: 51 8168: 87 8169: 61 8170: 87 8171: 96 8172: 70 8173: 90 8174: 106 8175: 82 8176: 107 8177: 71 8178: 62 8179: 68 8180: 72 8181: 94 8182: 106 8183: 103 8184: 102 8185: 94 8186: 50 8187: 104 8188: 92 8189: 110 8190: 71 8191: 102 8192: 68 8193: 54 8194: 75 8195: 81 8196: 95 8197: 86 8198: 82 8199: 67 8200: 96 8201: 56 8202: 50 8203: 53 8204: 94 8205: 104 8206: 83 8207: 89 8208: 60 8209: 96 8210: 105 8211: 82 8212: 75 8213: 96 8214: 70 8215: 63 8216: 77 8217: 69 8218: 54 8219: 54 8220: 66 8221: 76 8222: 107 8223: 83 8224: 80 8225: 67 8226: 51 8227: 60 8228: 103 8229: 84 8230: 78 8231: 84 8232: 88 8233: 76 8234: 87 8235: 70 8236: 68 8237: 58 8238: 107 8239: 78 8240: 102 8241: 99 8242: 109 8243: 64 8244: 81 8245: 64 8246: 77 8247: 108 8248: 83 8249: 80 8250: 111 8251: 98 8252: 104 8253: 103 8254: 68 8255: 69 8256: 57 8257: 69 8258: 80 8259: 108 8260: 101 8261: 106 8262: 80 8263: 77 8264: 67 8265: 54 8266: 95 8267: 85 8268: 60 8269: 87 8270: 112 8271: 110 8272: 71 8273: 106 8274: 60 8275: 102 8276: 55 8277: 87 8278: 96 8279: 87 8280: 52 8281: 94 8282: 72 8283: 104 8284: 84 8285: 88 8286: 61 8287: 89 8288: 105 8289: 89 8290: 84 8291: 94 8292: 80 8293: 51 8294: 56 8295: 97 8296: 54 8297: 99 8298: 70 8299: 62 8300: 73 8301: 67 8302: 60 8303: 94 8304: 58 8305: 70 8306: 82 8307: 63 8308: 105 8309: 65 8310: 100 8311: 106 8312: 107 8313: 57 8314: 97 8315: 78 8316: 95 8317: 108 8318: 54 8319: 88 8320: 82 8321: 86 8322: 67 8323: 112 8324: 88 8325: 71 8326: 97 8327: 90 8328: 57 8329: 52 8330: 102 8331: 80 8332: 67 8333: 112 8334: 59 8335: 75 8336: 67 8337: 91 8338: 86 8339: 60 8340: 104 8341: 74 8342: 51 8343: 98 8344: 81 8345: 98 8346: 63 8347: 62 8348: 92 8349: 65 8350: 98 8351: 59 8352: 102 8353: 52 8354: 59 8355: 75 8356: 73 8357: 104 8358: 52 8359: 78 8360: 106 8361: 104 8362: 106 8363: 60 8364: 102 8365: 52 8366: 83 8367: 56 8368: 92 8369: 56 8370: 64 8371: 83 8372: 80 8373: 65 8374: 69 8375: 110 8376: 112 8377: 80 8378: 57 8379: 91 8380: 94 8381: 105 8382: 100 8383: 83 8384: 107 8385: 107 8386: 106 8387: 65 8388: 98 8389: 108 8390: 93 8391: 89 8392: 99 8393: 86 8394: 97 8395: 88 8396: 86 8397: 67 8398: 93 8399: 63 8400: 74 8401: 107 8402: 95 8403: 102 8404: 58 8405: 112 8406: 97 8407: 57 8408: 79 8409: 104 8410: 96 8411: 58 8412: 96 8413: 81 8414: 89 8415: 88 8416: 74 8417: 82 8418: 103 8419: 59 8420: 77 8421: 81 8422: 99 8423: 62 8424: 54 8425: 83 8426: 98 8427: 89 8428: 99 8429: 76 8430: 102 8431: 58 8432: 69 8433: 82 8434: 110 8435: 77 8436: 81 8437: 95 8438: 82 8439: 109 8440: 84 8441: 63 8442: 54 8443: 68 8444: 92 8445: 94 8446: 106 8447: 53 8448: 61 8449: 95 8450: 63 8451: 89 8452: 63 8453: 110 8454: 99 8455: 66 8456: 78 8457: 82 8458: 103 8459: 62 8460: 109 8461: 90 8462: 70 8463: 65 8464: 60 8465: 68 8466: 90 8467: 91 8468: 111 8469: 59 8470: 87 8471: 82 8472: 70 8473: 92 8474: 98 8475: 112 8476: 73 8477: 90 8478: 53 8479: 84 8480: 70 8481: 64 8482: 58 8483: 83 8484: 59 8485: 105 8486: 97 8487: 85 8488: 75 8489: 87 8490: 98 8491: 69 8492: 65 8493: 55 8494: 84 8495: 75 8496: 71 8497: 61 8498: 53 8499: 69 8500: 68 8501: 91 8502: 100 8503: 88 8504: 68 8505: 83 8506: 85 8507: 91 8508: 60 8509: 88 8510: 60 8511: 80 8512: 100 8513: 67 8514: 112 8515: 109 8516: 57 8517: 96 8518: 82 8519: 82 8520: 69 8521: 65 8522: 99 8523: 84 8524: 70 8525: 70 8526: 109 8527: 92 8528: 79 8529: 110 8530: 109 8531: 97 8532: 86 8533: 94 8534: 70 8535: 104 8536: 65 8537: 106 8538: 80 8539: 73 8540: 81 8541: 89 8542: 102 8543: 67 8544: 106 8545: 101 8546: 63 8547: 50 8548: 82 8549: 93 8550: 81 8551: 101 8552: 108 8553: 67 8554: 70 8555: 64 8556: 86 8557: 64 8558: 106 8559: 52 8560: 62 8561: 100 8562: 98 8563: 96 8564: 82 8565: 55 8566: 88 8567: 97 8568: 111 8569: 55 8570: 55 8571: 78 8572: 94 8573: 107 8574: 93 8575: 85 8576: 93 8577: 104 8578: 84 8579: 63 8580: 85 8581: 50 8582: 112 8583: 78 8584: 67 8585: 68 8586: 92 8587: 101 8588: 82 8589: 83 8590: 102 8591: 92 8592: 69 8593: 87 8594: 76 8595: 101 8596: 90 8597: 51 8598: 83 8599: 87 8600: 56 8601: 88 8602: 52 8603: 99 8604: 83 8605: 93 8606: 71 8607: 63 8608: 84 8609: 105 8610: 74 8611: 54 8612: 105 8613: 72 8614: 83 8615: 58 8616: 90 8617: 60 8618: 107 8619: 57 8620: 92 8621: 96 8622: 100 8623: 111 8624: 70 8625: 63 8626: 99 8627: 111 8628: 62 8629: 69 8630: 85 8631: 66 8632: 105 8633: 85 8634: 52 8635: 75 8636: 65 8637: 74 8638: 87 8639: 97 8640: 64 8641: 109 8642: 102 8643: 55 8644: 68 8645: 72 8646: 63 8647: 106 8648: 80 8649: 55 8650: 51 8651: 59 8652: 102 8653: 101 8654: 57 8655: 59 8656: 112 8657: 104 8658: 55 8659: 61 8660: 58 8661: 88 8662: 75 8663: 51 8664: 60 8665: 78 8666: 76 8667: 73 8668: 100 8669: 111 8670: 58 8671: 51 8672: 108 8673: 108 8674: 54 8675: 61 8676: 67 8677: 65 8678: 53 8679: 95 8680: 71 8681: 54 8682: 105 8683: 60 8684: 103 8685: 110 8686: 67 8687: 100 8688: 100 8689: 71 8690: 109 8691: 108 8692: 109 8693: 71 8694: 109 8695: 55 8696: 99 8697: 71 8698: 76 8699: 84 8700: 67 8701: 82 8702: 84 8703: 60 8704: 77 8705: 88 8706: 72 8707: 92 8708: 104 8709: 73 8710: 75 8711: 62 8712: 75 8713: 67 8714: 70 8715: 65 8716: 62 8717: 85 8718: 50 8719: 112 8720: 106 8721: 109 8722: 108 8723: 103 8724: 65 8725: 102 8726: 106 8727: 52 8728: 60 8729: 69 8730: 84 8731: 78 8732: 102 8733: 55 8734: 88 8735: 66 8736: 94 8737: 108 8738: 107 8739: 83 8740: 68 8741: 69 8742: 93 8743: 91 8744: 86 8745: 50 8746: 104 8747: 96 8748: 85 8749: 104 8750: 96 8751: 77 8752: 98 8753: 89 8754: 67 8755: 51 8756: 78 8757: 58 8758: 51 8759: 87 8760: 77 8761: 85 8762: 50 8763: 64 8764: 91 8765: 88 8766: 79 8767: 70 8768: 82 8769: 73 8770: 103 8771: 98 8772: 92 8773: 83 8774: 77 8775: 63 8776: 81 8777: 68 8778: 109 8779: 51 8780: 58 8781: 92 8782: 78 8783: 106 8784: 66 8785: 93 8786: 107 8787: 95 8788: 101 8789: 108 8790: 69 8791: 66 8792: 79 8793: 69 8794: 78 8795: 57 8796: 105 8797: 107 8798: 75 8799: 72 8800: 67 8801: 65 8802: 56 8803: 107 8804: 96 8805: 81 8806: 57 8807: 62 8808: 97 8809: 54 8810: 63 8811: 105 8812: 94 8813: 92 8814: 99 8815: 111 8816: 70 8817: 91 8818: 91 8819: 59 8820: 85 8821: 108 8822: 73 8823: 51 8824: 62 8825: 101 8826: 56 8827: 52 8828: 96 8829: 81 8830: 75 8831: 111 8832: 94 8833: 81 8834: 106 8835: 75 8836: 110 8837: 111 8838: 87 8839: 94 8840: 50 8841: 100 8842: 87 8843: 93 8844: 77 8845: 71 8846: 89 8847: 98 8848: 112 8849: 67 8850: 107 8851: 84 8852: 60 8853: 67 8854: 83 8855: 72 8856: 53 8857: 89 8858: 74 8859: 99 8860: 55 8861: 97 8862: 96 8863: 97 8864: 65 8865: 89 8866: 59 8867: 60 8868: 85 8869: 96 8870: 105 8871: 86 8872: 82 8873: 79 8874: 66 8875: 107 8876: 100 8877: 105 8878: 92 8879: 97 8880: 57 8881: 84 8882: 67 8883: 67 8884: 99 8885: 100 8886: 89 8887: 103 8888: 75 8889: 50 8890: 87 8891: 80 8892: 98 8893: 70 8894: 63 8895: 111 8896: 107 8897: 72 8898: 59 8899: 80 8900: 54 8901: 112 8902: 53 8903: 86 8904: 78 8905: 67 8906: 80 8907: 63 8908: 59 8909: 58 8910: 110 8911: 64 8912: 90 8913: 64 8914: 81 8915: 77 8916: 50 8917: 57 8918: 65 8919: 75 8920: 55 8921: 102 8922: 103 8923: 101 8924: 60 8925: 53 8926: 98 8927: 52 8928: 74 8929: 105 8930: 82 8931: 78 8932: 104 8933: 83 8934: 51 8935: 67 8936: 100 8937: 79 8938: 80 8939: 107 8940: 85 8941: 75 8942: 58 8943: 63 8944: 90 8945: 89 8946: 88 8947: 90 8948: 94 8949: 103 8950: 50 8951: 98 8952: 92 8953: 103 8954: 86 8955: 100 8956: 105 8957: 69 8958: 103 8959: 66 8960: 59 8961: 70 8962: 94 8963: 50 8964: 104 8965: 93 8966: 67 8967: 91 8968: 57 8969: 95 8970: 86 8971: 93 8972: 58 8973: 92 8974: 104 8975: 96 8976: 69 8977: 79 8978: 71 8979: 111 8980: 69 8981: 71 8982: 96 8983: 109 8984: 59 8985: 68 8986: 95 8987: 112 8988: 85 8989: 83 8990: 65 8991: 95 8992: 103 8993: 107 8994: 95 8995: 94 8996: 85 8997: 111 8998: 71 8999: 91 9000: 91 9001: 105 9002: 71 9003: 99 9004: 84 9005: 62 9006: 80 9007: 101 9008: 89 9009: 101 9010: 98 9011: 108 9012: 59 9013: 81 9014: 102 9015: 67 9016: 97 9017: 84 9018: 66 9019: 70 9020: 52 9021: 80 9022: 52 9023: 106 9024: 72 9025: 95 9026: 85 9027: 106 9028: 91 9029: 104 9030: 84 9031: 70 9032: 94 9033: 103 9034: 54 9035: 64 9036: 50 9037: 85 9038: 52 9039: 89 9040: 71 9041: 100 9042: 82 9043: 81 9044: 67 9045: 71 9046: 96 9047: 112 9048: 104 9049: 112 9050: 69 9051: 106 9052: 77 9053: 69 9054: 99 9055: 100 9056: 50 9057: 70 9058: 91 9059: 89 9060: 61 9061: 62 9062: 107 9063: 106 9064: 50 9065: 110 9066: 57 9067: 50 9068: 82 9069: 57 9070: 89 9071: 103 9072: 106 9073: 56 9074: 69 9075: 58 9076: 77 9077: 52 9078: 57 9079: 68 9080: 50 9081: 75 9082: 60 9083: 77 9084: 92 9085: 107 9086: 62 9087: 92 9088: 64 9089: 103 9090: 67 9091: 74 9092: 50 9093: 61 9094: 65 9095: 50 9096: 58 9097: 70 9098: 50 9099: 88 9100: 75 9101: 87 9102: 77 9103: 68 9104: 93 9105: 94 9106: 74 9107: 56 9108: 97 9109: 80 9110: 72 9111: 95 9112: 105 9113: 82 9114: 57 9115: 82 9116: 77 9117: 70 9118: 62 9119: 89 9120: 58 9121: 77 9122: 50 9123: 59 9124: 88 9125: 65 9126: 59 9127: 95 9128: 83 9129: 58 9130: 70 9131: 109 9132: 93 9133: 97 9134: 64 9135: 72 9136: 77 9137: 87 9138: 78 9139: 61 9140: 54 9141: 98 9142: 104 9143: 107 9144: 68 9145: 111 9146: 76 9147: 93 9148: 66 9149: 86 9150: 69 9151: 75 9152: 50 9153: 70 9154: 84 9155: 87 9156: 83 9157: 91 9158: 69 9159: 54 9160: 99 9161: 89 9162: 50 9163: 78 9164: 72 9165: 62 9166: 100 9167: 99 9168: 99 9169: 63 9170: 108 9171: 101 9172: 111 9173: 97 9174: 95 9175: 64 9176: 95 9177: 59 9178: 107 9179: 112 9180: 95 9181: 64 9182: 72 9183: 94 9184: 82 9185: 106 9186: 68 9187: 52 9188: 82 9189: 87 9190: 56 9191: 67 9192: 61 9193: 54 9194: 95 9195: 83 9196: 67 9197: 80 9198: 67 9199: 51 9200: 93 9201: 60 9202: 103 9203: 89 9204: 107 9205: 85 9206: 104 9207: 90 9208: 92 9209: 98 9210: 87 9211: 73 9212: 110 9213: 109 9214: 54 9215: 79 9216: 100 9217: 70 9218: 82 9219: 69 9220: 107 9221: 86 9222: 84 9223: 55 9224: 91 9225: 66 9226: 87 9227: 106 9228: 96 9229: 102 9230: 107 9231: 74 9232: 50 9233: 97 9234: 51 9235: 107 9236: 68 9237: 105 9238: 82 9239: 108 9240: 88 9241: 54 9242: 68 9243: 86 9244: 50 9245: 70 9246: 52 9247: 98 9248: 90 9249: 82 9250: 53 9251: 82 9252: 56 9253: 87 9254: 88 9255: 95 9256: 102 9257: 60 9258: 88 9259: 83 9260: 112 9261: 80 9262: 108 9263: 112 9264: 63 9265: 107 9266: 105 9267: 81 9268: 99 9269: 74 9270: 74 9271: 74 9272: 79 9273: 93 9274: 108 9275: 77 9276: 111 9277: 111 9278: 61 9279: 89 9280: 78 9281: 64 9282: 58 9283: 84 9284: 99 9285: 94 9286: 64 9287: 86 9288: 104 9289: 102 9290: 57 9291: 102 9292: 68 9293: 50 9294: 101 9295: 81 9296: 107 9297: 91 9298: 110 9299: 91 9300: 53 9301: 71 9302: 50 9303: 80 9304: 112 9305: 109 9306: 105 9307: 111 9308: 105 9309: 53 9310: 87 9311: 70 9312: 65 9313: 93 9314: 103 9315: 50 9316: 75 9317: 54 9318: 86 9319: 64 9320: 105 9321: 91 9322: 53 9323: 60 9324: 91 9325: 103 9326: 91 9327: 85 9328: 81 9329: 88 9330: 63 9331: 82 9332: 107 9333: 64 9334: 112 9335: 107 9336: 58 9337: 103 9338: 105 9339: 50 9340: 106 9341: 77 9342: 70 9343: 57 9344: 57 9345: 60 9346: 57 9347: 80 9348: 63 9349: 91 9350: 95 9351: 55 9352: 70 9353: 98 9354: 65 9355: 111 9356: 88 9357: 106 9358: 82 9359: 55 9360: 79 9361: 93 9362: 87 9363: 73 9364: 105 9365: 85 9366: 67 9367: 50 9368: 75 9369: 57 9370: 50 9371: 66 9372: 84 9373: 69 9374: 73 9375: 92 9376: 79 9377: 78 9378: 59 9379: 90 9380: 55 9381: 102 9382: 95 9383: 73 9384: 88 9385: 110 9386: 69 9387: 61 9388: 101 9389: 101 9390: 66 9391: 67 9392: 80 9393: 104 9394: 89 9395: 72 9396: 74 9397: 104 9398: 73 9399: 99 9400: 112 9401: 71 9402: 52 9403: 81 9404: 90 9405: 74 9406: 60 9407: 55 9408: 100 9409: 68 9410: 95 9411: 103 9412: 57 9413: 78 9414: 63 9415: 93 9416: 73 9417: 83 9418: 103 9419: 62 9420: 69 9421: 56 9422: 77 9423: 99 9424: 108 9425: 53 9426: 59 9427: 69 9428: 106 9429: 82 9430: 53 9431: 105 9432: 101 9433: 54 9434: 73 9435: 79 9436: 76 9437: 82 9438: 84 9439: 61 9440: 98 9441: 64 9442: 52 9443: 103 9444: 92 9445: 65 9446: 82 9447: 53 9448: 98 9449: 72 9450: 63 9451: 53 9452: 76 9453: 90 9454: 102 9455: 72 9456: 92 9457: 111 9458: 89 9459: 85 9460: 78 9461: 93 9462: 77 9463: 67 9464: 95 9465: 98 9466: 94 9467: 58 9468: 65 9469: 65 9470: 69 9471: 111 9472: 77 9473: 71 9474: 102 9475: 57 9476: 85 9477: 71 9478: 58 9479: 68 9480: 91 9481: 71 9482: 71 9483: 54 9484: 111 9485: 61 9486: 74 9487: 90 9488: 57 9489: 51 9490: 62 9491: 86 9492: 92 9493: 87 9494: 101 9495: 72 9496: 71 9497: 82 9498: 80 9499: 86 9500: 95 9501: 99 9502: 83 9503: 59 9504: 56 9505: 72 9506: 64 9507: 89 9508: 91 9509: 72 9510: 107 9511: 67 9512: 91 9513: 64 9514: 71 9515: 88 9516: 73 9517: 94 9518: 65 9519: 80 9520: 93 9521: 76 9522: 51 9523: 72 9524: 111 9525: 102 9526: 94 9527: 67 9528: 69 9529: 59 9530: 102 9531: 51 9532: 106 9533: 72 9534: 59 9535: 112 9536: 92 9537: 73 9538: 86 9539: 70 9540: 94 9541: 79 9542: 87 9543: 72 9544: 93 9545: 106 9546: 110 9547: 53 9548: 87 9549: 61 9550: 83 9551: 67 9552: 85 9553: 85 9554: 87 9555: 81 9556: 72 9557: 66 9558: 99 9559: 92 9560: 75 9561: 88 9562: 91 9563: 69 9564: 110 9565: 100 9566: 66 9567: 89 9568: 59 9569: 103 9570: 107 9571: 103 9572: 67 9573: 79 9574: 62 9575: 110 9576: 72 9577: 58 9578: 50 9579: 108 9580: 69 9581: 81 9582: 62 9583: 102 9584: 51 9585: 98 9586: 70 9587: 72 9588: 51 9589: 56 9590: 112 9591: 77 9592: 92 9593: 90 9594: 94 9595: 87 9596: 76 9597: 108 9598: 61 9599: 83 9600: 96 9601: 55 9602: 73 9603: 50 9604: 82 9605: 83 9606: 110 9607: 105 9608: 91 9609: 108 9610: 98 9611: 108 9612: 75 9613: 110 9614: 97 9615: 74 9616: 93 9617: 53 9618: 96 9619: 95 9620: 59 9621: 95 9622: 57 9623: 102 9624: 71 9625: 99 9626: 76 9627: 95 9628: 94 9629: 86 9630: 65 9631: 76 9632: 91 9633: 88 9634: 76 9635: 61 9636: 56 9637: 72 9638: 51 9639: 96 9640: 65 9641: 99 9642: 91 9643: 88 9644: 94 9645: 74 9646: 50 9647: 75 9648: 77 9649: 96 9650: 57 9651: 84 9652: 77 9653: 62 9654: 73 9655: 98 9656: 111 9657: 98 9658: 78 9659: 90 9660: 71 9661: 93 9662: 53 9663: 110 9664: 68 9665: 78 9666: 56 9667: 72 9668: 98 9669: 57 9670: 55 9671: 50 9672: 104 9673: 97 9674: 89 9675: 84 9676: 56 9677: 87 9678: 109 9679: 81 9680: 68 9681: 51 9682: 52 9683: 95 9684: 61 9685: 74 9686: 78 9687: 59 9688: 57 9689: 106 9690: 99 9691: 78 9692: 84 9693: 101 9694: 73 9695: 102 9696: 66 9697: 80 9698: 60 9699: 51 9700: 85 9701: 65 9702: 112 9703: 75 9704: 110 9705: 86 9706: 109 9707: 53 9708: 58 9709: 103 9710: 84 9711: 77 9712: 104 9713: 85 9714: 59 9715: 50 9716: 109 9717: 86 9718: 59 9719: 53 9720: 77 9721: 106 9722: 79 9723: 112 9724: 92 9725: 102 9726: 99 9727: 108 9728: 67 9729: 109 9730: 107 9731: 101 9732: 62 9733: 105 9734: 63 9735: 59 9736: 76 9737: 57 9738: 61 9739: 85 9740: 110 9741: 93 9742: 112 9743: 99 9744: 65 9745: 56 9746: 99 9747: 59 9748: 90 9749: 106 9750: 62 9751: 55 9752: 97 9753: 89 9754: 54 9755: 77 9756: 79 9757: 103 9758: 70 9759: 94 9760: 100 9761: 65 9762: 80 9763: 110 9764: 55 9765: 91 9766: 54 9767: 79 9768: 98 9769: 63 9770: 51 9771: 93 9772: 107 9773: 111 9774: 77 9775: 57 9776: 55 9777: 63 9778: 65 9779: 95 9780: 54 9781: 77 9782: 98 9783: 102 9784: 54 9785: 102 9786: 66 9787: 81 9788: 91 9789: 86 9790: 60 9791: 76 9792: 99 9793: 91 9794: 73 9795: 102 9796: 69 9797: 77 9798: 69 9799: 53 9800: 89 9801: 70 9802: 96 9803: 81 9804: 67 9805: 61 9806: 88 9807: 70 9808: 72 9809: 103 9810: 50 9811: 77 9812: 66 9813: 99 9814: 64 9815: 68 9816: 88 9817: 80 9818: 97 9819: 64 9820: 51 9821: 107 9822: 90 9823: 101 9824: 83 9825: 50 9826: 90 9827: 103 9828: 76 9829: 107 9830: 104 9831: 52 9832: 63 9833: 85 9834: 83 9835: 80 9836: 96 9837: 56 9838: 100 9839: 54 9840: 108 9841: 100 9842: 79 9843: 59 9844: 86 9845: 93 9846: 77 9847: 60 9848: 58 9849: 61 9850: 74 9851: 59 9852: 53 9853: 50 9854: 108 9855: 87 9856: 50 9857: 86 9858: 75 9859: 74 9860: 78 9861: 64 9862: 76 9863: 91 9864: 99 9865: 107 9866: 58 9867: 81 9868: 112 9869: 106 9870: 85 9871: 107 9872: 94 9873: 51 9874: 53 9875: 65 9876: 92 9877: 78 9878: 73 9879: 100 9880: 87 9881: 96 9882: 107 9883: 88 9884: 96 9885: 103 9886: 60 9887: 96 9888: 74 9889: 85 9890: 56 9891: 102 9892: 97 9893: 82 9894: 81 9895: 84 9896: 75 9897: 87 9898: 52 9899: 74 9900: 81 9901: 87 9902: 66 9903: 62 9904: 86 9905: 67 9906: 75 9907: 63 9908: 93 9909: 99 9910: 50 9911: 67 9912: 82 9913: 107 9914: 105 9915: 63 9916: 95 9917: 51 9918: 109 9919: 56 9920: 86 9921: 52 9922: 109 9923: 69 9924: 83 9925: 77 9926: 103 9927: 106 9928: 112 9929: 105 9930: 67 9931: 80 9932: 77 9933: 81 9934: 90 9935: 111 9936: 98 9937: 53 9938: 61 9939: 78 9940: 100 9941: 59 9942: 93 9943: 67 9944: 51 9945: 83 9946: 80 9947: 97 9948: 84 9949: 74 9950: 103 9951: 56 9952: 75 9953: 97 9954: 75 9955: 106 9956: 59 9957: 65 9958: 99 9959: 59 9960: 55 9961: 51 9962: 89 9963: 82 9964: 82 9965: 65 9966: 78 9967: 65 9968: 66 9969: 87 9970: 93 9971: 53 9972: 96 9973: 71 9974: 68 9975: 95 9976: 104 9977: 98 9978: 79 9979: 76 9980: 57 9981: 68 9982: 82 9983: 82 9984: 52 9985: 107 9986: 75 9987: 62 9988: 57 9989: 61 9990: 71 9991: 62 9992: 60 9993: 108 9994: 92 9995: 92 9996: 60 9997: 57 9998: 107 9999: 76 10000: 94 
closed clear!
[       OK ] BpTree.Scan (3 ms)
[----------] 1 test from BpTree (3 ms total)

[----------] Global test environment tear-down
[==========] 1 test from 1 test suite ran. (4 ms total)
[  PASSED  ] 1 test.
<end of output>
Test time =   0.01 sec
----------------------------------------------------------
Test Passed.
"BpTree.Scan" end time: Oct 15 09:57 UTC
"BpTree.Scan" time elapsed: 00:00:00
----------------------------------------------------------

End testing: Oct 15 09:57 UTC
